{"/Users/migueldepelsmaeker/Pictures/Practical/Tasks/social-network-SgtBlade 2/src/App.js": {"path":"/Users/migueldepelsmaeker/Pictures/Practical/Tasks/social-network-SgtBlade 2/src/App.js","statementMap":{"0":{"start":{"line":23,"column":20},"end":{"line":23,"column":44}},"1":{"start":{"line":49,"column":2},"end":{"line":71,"column":5}},"2":{"start":{"line":50,"column":4},"end":{"line":70,"column":10}}},"fnMap":{"0":{"name":"App","decl":{"start":{"line":20,"column":9},"end":{"line":20,"column":12}},"loc":{"start":{"line":20,"column":15},"end":{"line":72,"column":1}},"line":20},"1":{"name":"(anonymous_1)","decl":{"start":{"line":49,"column":21},"end":{"line":49,"column":22}},"loc":{"start":{"line":50,"column":4},"end":{"line":70,"column":10}},"line":50}},"branchMap":{},"s":{"0":0,"1":0,"2":0},"f":{"0":0,"1":0},"b":{},"_coverageSchema":"43e27e138ebf9cfc5966b082cf9a028302ed4184","hash":"4ca02704af0051eace4340f04ac4d022e94c9674"}
,"/Users/migueldepelsmaeker/Pictures/Practical/Tasks/social-network-SgtBlade 2/src/index.js": {"path":"/Users/migueldepelsmaeker/Pictures/Practical/Tasks/social-network-SgtBlade 2/src/index.js","statementMap":{"0":{"start":{"line":7,"column":0},"end":{"line":12,"column":4}},"1":{"start":{"line":17,"column":0},"end":{"line":17,"column":27}}},"fnMap":{},"branchMap":{},"s":{"0":0,"1":0},"f":{},"b":{},"hash":"804040ec48bb1727da77d43fb73b044e4076f7bf"}
,"/Users/migueldepelsmaeker/Pictures/Practical/Tasks/social-network-SgtBlade 2/src/serviceWorker.js": {"path":"/Users/migueldepelsmaeker/Pictures/Practical/Tasks/social-network-SgtBlade 2/src/serviceWorker.js","statementMap":{"0":{"start":{"line":13,"column":20},"end":{"line":21,"column":1}},"1":{"start":{"line":24,"column":2},"end":{"line":54,"column":3}},"2":{"start":{"line":26,"column":22},"end":{"line":26,"column":75}},"3":{"start":{"line":27,"column":4},"end":{"line":32,"column":5}},"4":{"start":{"line":31,"column":6},"end":{"line":31,"column":13}},"5":{"start":{"line":34,"column":4},"end":{"line":53,"column":7}},"6":{"start":{"line":35,"column":20},"end":{"line":35,"column":65}},"7":{"start":{"line":37,"column":6},"end":{"line":52,"column":7}},"8":{"start":{"line":39,"column":8},"end":{"line":39,"column":47}},"9":{"start":{"line":43,"column":8},"end":{"line":48,"column":11}},"10":{"start":{"line":44,"column":10},"end":{"line":47,"column":12}},"11":{"start":{"line":51,"column":8},"end":{"line":51,"column":39}},"12":{"start":{"line":58,"column":2},"end":{"line":98,"column":7}},"13":{"start":{"line":61,"column":6},"end":{"line":94,"column":8}},"14":{"start":{"line":62,"column":33},"end":{"line":62,"column":56}},"15":{"start":{"line":63,"column":8},"end":{"line":65,"column":9}},"16":{"start":{"line":64,"column":10},"end":{"line":64,"column":17}},"17":{"start":{"line":66,"column":8},"end":{"line":93,"column":10}},"18":{"start":{"line":67,"column":10},"end":{"line":92,"column":11}},"19":{"start":{"line":68,"column":12},"end":{"line":91,"column":13}},"20":{"start":{"line":72,"column":14},"end":{"line":75,"column":16}},"21":{"start":{"line":78,"column":14},"end":{"line":80,"column":15}},"22":{"start":{"line":79,"column":16},"end":{"line":79,"column":46}},"23":{"start":{"line":85,"column":14},"end":{"line":85,"column":64}},"24":{"start":{"line":88,"column":14},"end":{"line":90,"column":15}},"25":{"start":{"line":89,"column":16},"end":{"line":89,"column":47}},"26":{"start":{"line":97,"column":6},"end":{"line":97,"column":72}},"27":{"start":{"line":103,"column":2},"end":{"line":128,"column":7}},"28":{"start":{"line":108,"column":26},"end":{"line":108,"column":62}},"29":{"start":{"line":109,"column":6},"end":{"line":122,"column":7}},"30":{"start":{"line":114,"column":8},"end":{"line":118,"column":11}},"31":{"start":{"line":115,"column":10},"end":{"line":117,"column":13}},"32":{"start":{"line":116,"column":12},"end":{"line":116,"column":37}},"33":{"start":{"line":121,"column":8},"end":{"line":121,"column":39}},"34":{"start":{"line":125,"column":6},"end":{"line":127,"column":8}},"35":{"start":{"line":132,"column":2},"end":{"line":140,"column":3}},"36":{"start":{"line":133,"column":4},"end":{"line":139,"column":9}},"37":{"start":{"line":135,"column":8},"end":{"line":135,"column":34}},"38":{"start":{"line":138,"column":8},"end":{"line":138,"column":37}}},"fnMap":{"0":{"name":"register","decl":{"start":{"line":23,"column":16},"end":{"line":23,"column":24}},"loc":{"start":{"line":23,"column":33},"end":{"line":55,"column":1}},"line":23},"1":{"name":"(anonymous_1)","decl":{"start":{"line":34,"column":36},"end":{"line":34,"column":37}},"loc":{"start":{"line":34,"column":42},"end":{"line":53,"column":5}},"line":34},"2":{"name":"(anonymous_2)","decl":{"start":{"line":43,"column":43},"end":{"line":43,"column":44}},"loc":{"start":{"line":43,"column":49},"end":{"line":48,"column":9}},"line":43},"3":{"name":"registerValidSW","decl":{"start":{"line":57,"column":9},"end":{"line":57,"column":24}},"loc":{"start":{"line":57,"column":40},"end":{"line":99,"column":1}},"line":57},"4":{"name":"(anonymous_4)","decl":{"start":{"line":60,"column":10},"end":{"line":60,"column":11}},"loc":{"start":{"line":60,"column":26},"end":{"line":95,"column":5}},"line":60},"5":{"name":"(anonymous_5)","decl":{"start":{"line":61,"column":35},"end":{"line":61,"column":36}},"loc":{"start":{"line":61,"column":41},"end":{"line":94,"column":7}},"line":61},"6":{"name":"(anonymous_6)","decl":{"start":{"line":66,"column":41},"end":{"line":66,"column":42}},"loc":{"start":{"line":66,"column":47},"end":{"line":93,"column":9}},"line":66},"7":{"name":"(anonymous_7)","decl":{"start":{"line":96,"column":11},"end":{"line":96,"column":12}},"loc":{"start":{"line":96,"column":20},"end":{"line":98,"column":5}},"line":96},"8":{"name":"checkValidServiceWorker","decl":{"start":{"line":101,"column":9},"end":{"line":101,"column":32}},"loc":{"start":{"line":101,"column":48},"end":{"line":129,"column":1}},"line":101},"9":{"name":"(anonymous_9)","decl":{"start":{"line":106,"column":10},"end":{"line":106,"column":11}},"loc":{"start":{"line":106,"column":22},"end":{"line":123,"column":5}},"line":106},"10":{"name":"(anonymous_10)","decl":{"start":{"line":114,"column":43},"end":{"line":114,"column":44}},"loc":{"start":{"line":114,"column":59},"end":{"line":118,"column":9}},"line":114},"11":{"name":"(anonymous_11)","decl":{"start":{"line":115,"column":41},"end":{"line":115,"column":42}},"loc":{"start":{"line":115,"column":47},"end":{"line":117,"column":11}},"line":115},"12":{"name":"(anonymous_12)","decl":{"start":{"line":124,"column":11},"end":{"line":124,"column":12}},"loc":{"start":{"line":124,"column":17},"end":{"line":128,"column":5}},"line":124},"13":{"name":"unregister","decl":{"start":{"line":131,"column":16},"end":{"line":131,"column":26}},"loc":{"start":{"line":131,"column":29},"end":{"line":141,"column":1}},"line":131},"14":{"name":"(anonymous_14)","decl":{"start":{"line":134,"column":12},"end":{"line":134,"column":13}},"loc":{"start":{"line":134,"column":28},"end":{"line":136,"column":7}},"line":134},"15":{"name":"(anonymous_15)","decl":{"start":{"line":137,"column":13},"end":{"line":137,"column":14}},"loc":{"start":{"line":137,"column":22},"end":{"line":139,"column":7}},"line":137}},"branchMap":{"0":{"loc":{"start":{"line":14,"column":2},"end":{"line":20,"column":5}},"type":"binary-expr","locations":[{"start":{"line":14,"column":2},"end":{"line":14,"column":42}},{"start":{"line":16,"column":4},"end":{"line":16,"column":40}},{"start":{"line":18,"column":4},"end":{"line":20,"column":5}}],"line":14},"1":{"loc":{"start":{"line":24,"column":2},"end":{"line":54,"column":3}},"type":"if","locations":[{"start":{"line":24,"column":2},"end":{"line":54,"column":3}},{"start":{"line":24,"column":2},"end":{"line":54,"column":3}}],"line":24},"2":{"loc":{"start":{"line":24,"column":6},"end":{"line":24,"column":75}},"type":"binary-expr","locations":[{"start":{"line":24,"column":6},"end":{"line":24,"column":43}},{"start":{"line":24,"column":47},"end":{"line":24,"column":75}}],"line":24},"3":{"loc":{"start":{"line":27,"column":4},"end":{"line":32,"column":5}},"type":"if","locations":[{"start":{"line":27,"column":4},"end":{"line":32,"column":5}},{"start":{"line":27,"column":4},"end":{"line":32,"column":5}}],"line":27},"4":{"loc":{"start":{"line":37,"column":6},"end":{"line":52,"column":7}},"type":"if","locations":[{"start":{"line":37,"column":6},"end":{"line":52,"column":7}},{"start":{"line":37,"column":6},"end":{"line":52,"column":7}}],"line":37},"5":{"loc":{"start":{"line":63,"column":8},"end":{"line":65,"column":9}},"type":"if","locations":[{"start":{"line":63,"column":8},"end":{"line":65,"column":9}},{"start":{"line":63,"column":8},"end":{"line":65,"column":9}}],"line":63},"6":{"loc":{"start":{"line":67,"column":10},"end":{"line":92,"column":11}},"type":"if","locations":[{"start":{"line":67,"column":10},"end":{"line":92,"column":11}},{"start":{"line":67,"column":10},"end":{"line":92,"column":11}}],"line":67},"7":{"loc":{"start":{"line":68,"column":12},"end":{"line":91,"column":13}},"type":"if","locations":[{"start":{"line":68,"column":12},"end":{"line":91,"column":13}},{"start":{"line":68,"column":12},"end":{"line":91,"column":13}}],"line":68},"8":{"loc":{"start":{"line":78,"column":14},"end":{"line":80,"column":15}},"type":"if","locations":[{"start":{"line":78,"column":14},"end":{"line":80,"column":15}},{"start":{"line":78,"column":14},"end":{"line":80,"column":15}}],"line":78},"9":{"loc":{"start":{"line":78,"column":18},"end":{"line":78,"column":43}},"type":"binary-expr","locations":[{"start":{"line":78,"column":18},"end":{"line":78,"column":24}},{"start":{"line":78,"column":28},"end":{"line":78,"column":43}}],"line":78},"10":{"loc":{"start":{"line":88,"column":14},"end":{"line":90,"column":15}},"type":"if","locations":[{"start":{"line":88,"column":14},"end":{"line":90,"column":15}},{"start":{"line":88,"column":14},"end":{"line":90,"column":15}}],"line":88},"11":{"loc":{"start":{"line":88,"column":18},"end":{"line":88,"column":44}},"type":"binary-expr","locations":[{"start":{"line":88,"column":18},"end":{"line":88,"column":24}},{"start":{"line":88,"column":28},"end":{"line":88,"column":44}}],"line":88},"12":{"loc":{"start":{"line":109,"column":6},"end":{"line":122,"column":7}},"type":"if","locations":[{"start":{"line":109,"column":6},"end":{"line":122,"column":7}},{"start":{"line":109,"column":6},"end":{"line":122,"column":7}}],"line":109},"13":{"loc":{"start":{"line":110,"column":8},"end":{"line":111,"column":73}},"type":"binary-expr","locations":[{"start":{"line":110,"column":8},"end":{"line":110,"column":31}},{"start":{"line":111,"column":9},"end":{"line":111,"column":28}},{"start":{"line":111,"column":32},"end":{"line":111,"column":72}}],"line":110},"14":{"loc":{"start":{"line":132,"column":2},"end":{"line":140,"column":3}},"type":"if","locations":[{"start":{"line":132,"column":2},"end":{"line":140,"column":3}},{"start":{"line":132,"column":2},"end":{"line":140,"column":3}}],"line":132}},"s":{"0":0,"1":0,"2":0,"3":0,"4":0,"5":0,"6":0,"7":0,"8":0,"9":0,"10":0,"11":0,"12":0,"13":0,"14":0,"15":0,"16":0,"17":0,"18":0,"19":0,"20":0,"21":0,"22":0,"23":0,"24":0,"25":0,"26":0,"27":0,"28":0,"29":0,"30":0,"31":0,"32":0,"33":0,"34":0,"35":0,"36":0,"37":0,"38":0},"f":{"0":0,"1":0,"2":0,"3":0,"4":0,"5":0,"6":0,"7":0,"8":0,"9":0,"10":0,"11":0,"12":0,"13":0,"14":0,"15":0},"b":{"0":[0,0,0],"1":[0,0],"2":[0,0],"3":[0,0],"4":[0,0],"5":[0,0],"6":[0,0],"7":[0,0],"8":[0,0],"9":[0,0],"10":[0,0],"11":[0,0],"12":[0,0],"13":[0,0,0],"14":[0,0]},"hash":"291a4806c1a847416f1f1ce8789d96b4cc11c2c8"}
,"/Users/migueldepelsmaeker/Pictures/Practical/Tasks/social-network-SgtBlade 2/src/js/globalFunctions.js": {"path":"/Users/migueldepelsmaeker/Pictures/Practical/Tasks/social-network-SgtBlade 2/src/js/globalFunctions.js","statementMap":{"0":{"start":{"line":3,"column":23},"end":{"line":7,"column":3}},"1":{"start":{"line":4,"column":4},"end":{"line":4,"column":23}},"2":{"start":{"line":5,"column":4},"end":{"line":6,"column":48}},"3":{"start":{"line":5,"column":26},"end":{"line":5,"column":56}},"4":{"start":{"line":6,"column":9},"end":{"line":6,"column":48}},"5":{"start":{"line":6,"column":28},"end":{"line":6,"column":48}},"6":{"start":{"line":9,"column":23},"end":{"line":19,"column":3}},"7":{"start":{"line":10,"column":13},"end":{"line":10,"column":27}},"8":{"start":{"line":11,"column":13},"end":{"line":11,"column":30}},"9":{"start":{"line":12,"column":15},"end":{"line":12,"column":33}},"10":{"start":{"line":13,"column":4},"end":{"line":13,"column":24}},"11":{"start":{"line":13,"column":14},"end":{"line":13,"column":24}},"12":{"start":{"line":14,"column":4},"end":{"line":14,"column":24}},"13":{"start":{"line":14,"column":14},"end":{"line":14,"column":24}},"14":{"start":{"line":16,"column":20},"end":{"line":16,"column":22}},"15":{"start":{"line":17,"column":4},"end":{"line":17,"column":104}},"16":{"start":{"line":18,"column":4},"end":{"line":18,"column":22}}},"fnMap":{"0":{"name":"(anonymous_0)","decl":{"start":{"line":3,"column":23},"end":{"line":3,"column":24}},"loc":{"start":{"line":3,"column":51},"end":{"line":7,"column":3}},"line":3},"1":{"name":"(anonymous_1)","decl":{"start":{"line":9,"column":23},"end":{"line":9,"column":24}},"loc":{"start":{"line":9,"column":66},"end":{"line":19,"column":3}},"line":9}},"branchMap":{"0":{"loc":{"start":{"line":3,"column":33},"end":{"line":3,"column":46}},"type":"default-arg","locations":[{"start":{"line":3,"column":42},"end":{"line":3,"column":46}}],"line":3},"1":{"loc":{"start":{"line":5,"column":4},"end":{"line":6,"column":48}},"type":"if","locations":[{"start":{"line":5,"column":4},"end":{"line":6,"column":48}},{"start":{"line":5,"column":4},"end":{"line":6,"column":48}}],"line":5},"2":{"loc":{"start":{"line":6,"column":9},"end":{"line":6,"column":48}},"type":"if","locations":[{"start":{"line":6,"column":9},"end":{"line":6,"column":48}},{"start":{"line":6,"column":9},"end":{"line":6,"column":48}}],"line":6},"3":{"loc":{"start":{"line":9,"column":30},"end":{"line":9,"column":45}},"type":"default-arg","locations":[{"start":{"line":9,"column":42},"end":{"line":9,"column":45}}],"line":9},"4":{"loc":{"start":{"line":9,"column":47},"end":{"line":9,"column":61}},"type":"default-arg","locations":[{"start":{"line":9,"column":57},"end":{"line":9,"column":61}}],"line":9},"5":{"loc":{"start":{"line":13,"column":4},"end":{"line":13,"column":24}},"type":"if","locations":[{"start":{"line":13,"column":4},"end":{"line":13,"column":24}},{"start":{"line":13,"column":4},"end":{"line":13,"column":24}}],"line":13},"6":{"loc":{"start":{"line":14,"column":4},"end":{"line":14,"column":24}},"type":"if","locations":[{"start":{"line":14,"column":4},"end":{"line":14,"column":24}},{"start":{"line":14,"column":4},"end":{"line":14,"column":24}}],"line":14},"7":{"loc":{"start":{"line":17,"column":4},"end":{"line":17,"column":103}},"type":"cond-expr","locations":[{"start":{"line":17,"column":16},"end":{"line":17,"column":58}},{"start":{"line":17,"column":61},"end":{"line":17,"column":103}}],"line":17}},"s":{"0":0,"1":0,"2":0,"3":0,"4":0,"5":0,"6":0,"7":0,"8":0,"9":0,"10":0,"11":0,"12":0,"13":0,"14":0,"15":0,"16":0},"f":{"0":0,"1":0},"b":{"0":[0],"1":[0,0],"2":[0,0],"3":[0],"4":[0],"5":[0,0],"6":[0,0],"7":[0,0]},"hash":"2c3e5d05ab9303939dda6bf384a11043551aaf4c"}
,"/Users/migueldepelsmaeker/Pictures/Practical/Tasks/social-network-SgtBlade 2/src/js/comps/AddBook.jsx": {"path":"/Users/migueldepelsmaeker/Pictures/Practical/Tasks/social-network-SgtBlade 2/src/js/comps/AddBook.jsx","statementMap":{"0":{"start":{"line":8,"column":16},"end":{"line":73,"column":1}},"1":{"start":{"line":10,"column":27},"end":{"line":10,"column":51}},"2":{"start":{"line":13,"column":31},"end":{"line":13,"column":50}},"3":{"start":{"line":15,"column":23},"end":{"line":19,"column":3}},"4":{"start":{"line":16,"column":4},"end":{"line":16,"column":23}},"5":{"start":{"line":17,"column":25},"end":{"line":17,"column":44}},"6":{"start":{"line":18,"column":4},"end":{"line":18,"column":29}},"7":{"start":{"line":21,"column":23},"end":{"line":31,"column":3}},"8":{"start":{"line":22,"column":13},"end":{"line":22,"column":27}},"9":{"start":{"line":23,"column":13},"end":{"line":23,"column":30}},"10":{"start":{"line":24,"column":15},"end":{"line":24,"column":33}},"11":{"start":{"line":25,"column":4},"end":{"line":25,"column":24}},"12":{"start":{"line":25,"column":14},"end":{"line":25,"column":24}},"13":{"start":{"line":26,"column":4},"end":{"line":26,"column":24}},"14":{"start":{"line":26,"column":14},"end":{"line":26,"column":24}},"15":{"start":{"line":28,"column":20},"end":{"line":28,"column":22}},"16":{"start":{"line":29,"column":4},"end":{"line":29,"column":104}},"17":{"start":{"line":30,"column":4},"end":{"line":30,"column":22}},"18":{"start":{"line":33,"column":2},"end":{"line":72,"column":5}},"19":{"start":{"line":34,"column":4},"end":{"line":71,"column":16}},"20":{"start":{"line":40,"column":77},"end":{"line":40,"column":92}},"21":{"start":{"line":48,"column":25},"end":{"line":48,"column":79}},"22":{"start":{"line":56,"column":25},"end":{"line":56,"column":81}},"23":{"start":{"line":65,"column":25},"end":{"line":65,"column":78}}},"fnMap":{"0":{"name":"(anonymous_0)","decl":{"start":{"line":8,"column":16},"end":{"line":8,"column":17}},"loc":{"start":{"line":8,"column":22},"end":{"line":73,"column":1}},"line":8},"1":{"name":"(anonymous_1)","decl":{"start":{"line":15,"column":23},"end":{"line":15,"column":24}},"loc":{"start":{"line":15,"column":30},"end":{"line":19,"column":3}},"line":15},"2":{"name":"(anonymous_2)","decl":{"start":{"line":21,"column":23},"end":{"line":21,"column":24}},"loc":{"start":{"line":21,"column":66},"end":{"line":31,"column":3}},"line":21},"3":{"name":"(anonymous_3)","decl":{"start":{"line":33,"column":21},"end":{"line":33,"column":22}},"loc":{"start":{"line":34,"column":4},"end":{"line":71,"column":16}},"line":34},"4":{"name":"(anonymous_4)","decl":{"start":{"line":40,"column":72},"end":{"line":40,"column":73}},"loc":{"start":{"line":40,"column":77},"end":{"line":40,"column":92}},"line":40},"5":{"name":"(anonymous_5)","decl":{"start":{"line":48,"column":20},"end":{"line":48,"column":21}},"loc":{"start":{"line":48,"column":25},"end":{"line":48,"column":79}},"line":48},"6":{"name":"(anonymous_6)","decl":{"start":{"line":56,"column":20},"end":{"line":56,"column":21}},"loc":{"start":{"line":56,"column":25},"end":{"line":56,"column":81}},"line":56},"7":{"name":"(anonymous_7)","decl":{"start":{"line":65,"column":20},"end":{"line":65,"column":21}},"loc":{"start":{"line":65,"column":25},"end":{"line":65,"column":78}},"line":65}},"branchMap":{"0":{"loc":{"start":{"line":21,"column":30},"end":{"line":21,"column":45}},"type":"default-arg","locations":[{"start":{"line":21,"column":42},"end":{"line":21,"column":45}}],"line":21},"1":{"loc":{"start":{"line":21,"column":47},"end":{"line":21,"column":61}},"type":"default-arg","locations":[{"start":{"line":21,"column":57},"end":{"line":21,"column":61}}],"line":21},"2":{"loc":{"start":{"line":25,"column":4},"end":{"line":25,"column":24}},"type":"if","locations":[{"start":{"line":25,"column":4},"end":{"line":25,"column":24}},{"start":{"line":25,"column":4},"end":{"line":25,"column":24}}],"line":25},"3":{"loc":{"start":{"line":26,"column":4},"end":{"line":26,"column":24}},"type":"if","locations":[{"start":{"line":26,"column":4},"end":{"line":26,"column":24}},{"start":{"line":26,"column":4},"end":{"line":26,"column":24}}],"line":26},"4":{"loc":{"start":{"line":29,"column":4},"end":{"line":29,"column":103}},"type":"cond-expr","locations":[{"start":{"line":29,"column":16},"end":{"line":29,"column":58}},{"start":{"line":29,"column":61},"end":{"line":29,"column":103}}],"line":29},"5":{"loc":{"start":{"line":37,"column":5},"end":{"line":38,"column":102}},"type":"cond-expr","locations":[{"start":{"line":37,"column":26},"end":{"line":37,"column":105}},{"start":{"line":38,"column":6},"end":{"line":38,"column":102}}],"line":37},"6":{"loc":{"start":{"line":38,"column":6},"end":{"line":38,"column":102}},"type":"cond-expr","locations":[{"start":{"line":38,"column":28},"end":{"line":38,"column":96}},{"start":{"line":38,"column":100},"end":{"line":38,"column":102}}],"line":38}},"s":{"0":1,"1":0,"2":0,"3":0,"4":0,"5":0,"6":0,"7":0,"8":0,"9":0,"10":0,"11":0,"12":0,"13":0,"14":0,"15":0,"16":0,"17":0,"18":0,"19":0,"20":0,"21":0,"22":0,"23":0},"f":{"0":0,"1":0,"2":0,"3":0,"4":0,"5":0,"6":0,"7":0},"b":{"0":[0],"1":[0],"2":[0,0],"3":[0,0],"4":[0,0],"5":[0,0],"6":[0,0]},"_coverageSchema":"43e27e138ebf9cfc5966b082cf9a028302ed4184","hash":"529a1e3749aa4ebb3d3fb426c60325472a5a9860"}
,"/Users/migueldepelsmaeker/Pictures/Practical/Tasks/social-network-SgtBlade 2/src/js/comps/BookOwnerstatus.jsx": {"path":"/Users/migueldepelsmaeker/Pictures/Practical/Tasks/social-network-SgtBlade 2/src/js/comps/BookOwnerstatus.jsx","statementMap":{"0":{"start":{"line":8,"column":24},"end":{"line":25,"column":1}},"1":{"start":{"line":10,"column":22},"end":{"line":10,"column":46}},"2":{"start":{"line":12,"column":2},"end":{"line":24,"column":5}},"3":{"start":{"line":13,"column":6},"end":{"line":22,"column":11}},"4":{"start":{"line":27,"column":0},"end":{"line":31,"column":2}}},"fnMap":{"0":{"name":"(anonymous_0)","decl":{"start":{"line":8,"column":24},"end":{"line":8,"column":25}},"loc":{"start":{"line":8,"column":54},"end":{"line":25,"column":1}},"line":8},"1":{"name":"(anonymous_1)","decl":{"start":{"line":12,"column":21},"end":{"line":12,"column":22}},"loc":{"start":{"line":13,"column":6},"end":{"line":22,"column":11}},"line":13}},"branchMap":{"0":{"loc":{"start":{"line":14,"column":5},"end":{"line":21,"column":11}},"type":"cond-expr","locations":[{"start":{"line":15,"column":8},"end":{"line":17,"column":14}},{"start":{"line":20,"column":12},"end":{"line":20,"column":60}}],"line":14}},"s":{"0":1,"1":0,"2":0,"3":0,"4":1},"f":{"0":0,"1":0},"b":{"0":[0,0]},"_coverageSchema":"43e27e138ebf9cfc5966b082cf9a028302ed4184","hash":"d2e35a893c4a2b723321dc66be031f227f033c2a"}
,"/Users/migueldepelsmaeker/Pictures/Practical/Tasks/social-network-SgtBlade 2/src/js/comps/Bookcover.jsx": {"path":"/Users/migueldepelsmaeker/Pictures/Practical/Tasks/social-network-SgtBlade 2/src/js/comps/Bookcover.jsx","statementMap":{"0":{"start":{"line":7,"column":18},"end":{"line":22,"column":1}},"1":{"start":{"line":9,"column":20},"end":{"line":9,"column":44}},"2":{"start":{"line":12,"column":2},"end":{"line":21,"column":5}},"3":{"start":{"line":13,"column":4},"end":{"line":20,"column":10}},"4":{"start":{"line":13,"column":85},"end":{"line":13,"column":124}},"5":{"start":{"line":24,"column":0},"end":{"line":28,"column":2}}},"fnMap":{"0":{"name":"(anonymous_0)","decl":{"start":{"line":7,"column":18},"end":{"line":7,"column":19}},"loc":{"start":{"line":7,"column":68},"end":{"line":22,"column":1}},"line":7},"1":{"name":"(anonymous_1)","decl":{"start":{"line":12,"column":22},"end":{"line":12,"column":23}},"loc":{"start":{"line":13,"column":4},"end":{"line":20,"column":10}},"line":13},"2":{"name":"(anonymous_2)","decl":{"start":{"line":13,"column":78},"end":{"line":13,"column":79}},"loc":{"start":{"line":13,"column":84},"end":{"line":13,"column":125}},"line":13}},"branchMap":{"0":{"loc":{"start":{"line":14,"column":85},"end":{"line":14,"column":171}},"type":"cond-expr","locations":[{"start":{"line":14,"column":98},"end":{"line":14,"column":138}},{"start":{"line":14,"column":141},"end":{"line":14,"column":171}}],"line":14}},"s":{"0":1,"1":0,"2":0,"3":0,"4":0,"5":1},"f":{"0":0,"1":0,"2":0},"b":{"0":[0,0]},"_coverageSchema":"43e27e138ebf9cfc5966b082cf9a028302ed4184","hash":"41a079d99ad32105c8bb873c9472cd33bfab96f3"}
,"/Users/migueldepelsmaeker/Pictures/Practical/Tasks/social-network-SgtBlade 2/src/js/comps/Bookpost.jsx": {"path":"/Users/migueldepelsmaeker/Pictures/Practical/Tasks/social-network-SgtBlade 2/src/js/comps/Bookpost.jsx","statementMap":{"0":{"start":{"line":12,"column":17},"end":{"line":79,"column":1}},"1":{"start":{"line":15,"column":27},"end":{"line":15,"column":51}},"2":{"start":{"line":16,"column":42},"end":{"line":16,"column":56}},"3":{"start":{"line":17,"column":17},"end":{"line":17,"column":53}},"4":{"start":{"line":17,"column":23},"end":{"line":17,"column":53}},"5":{"start":{"line":19,"column":19},"end":{"line":27,"column":3}},"6":{"start":{"line":21,"column":4},"end":{"line":26,"column":5}},"7":{"start":{"line":22,"column":6},"end":{"line":22,"column":24}},"8":{"start":{"line":24,"column":28},"end":{"line":24,"column":178}},"9":{"start":{"line":25,"column":6},"end":{"line":25,"column":29}},"10":{"start":{"line":29,"column":23},"end":{"line":39,"column":3}},"11":{"start":{"line":30,"column":13},"end":{"line":30,"column":27}},"12":{"start":{"line":31,"column":13},"end":{"line":31,"column":30}},"13":{"start":{"line":32,"column":15},"end":{"line":32,"column":33}},"14":{"start":{"line":33,"column":4},"end":{"line":33,"column":24}},"15":{"start":{"line":33,"column":14},"end":{"line":33,"column":24}},"16":{"start":{"line":34,"column":4},"end":{"line":34,"column":24}},"17":{"start":{"line":34,"column":14},"end":{"line":34,"column":24}},"18":{"start":{"line":36,"column":20},"end":{"line":36,"column":22}},"19":{"start":{"line":37,"column":4},"end":{"line":37,"column":104}},"20":{"start":{"line":38,"column":4},"end":{"line":38,"column":22}},"21":{"start":{"line":41,"column":2},"end":{"line":78,"column":5}},"22":{"start":{"line":43,"column":4},"end":{"line":74,"column":12}},"23":{"start":{"line":43,"column":31},"end":{"line":43,"column":60}},"24":{"start":{"line":54,"column":105},"end":{"line":54,"column":140}},"25":{"start":{"line":66,"column":22},"end":{"line":66,"column":52}},"26":{"start":{"line":72,"column":32},"end":{"line":72,"column":51}},"27":{"start":{"line":81,"column":0},"end":{"line":83,"column":2}}},"fnMap":{"0":{"name":"(anonymous_0)","decl":{"start":{"line":12,"column":17},"end":{"line":12,"column":18}},"loc":{"start":{"line":12,"column":46},"end":{"line":79,"column":1}},"line":12},"1":{"name":"(anonymous_1)","decl":{"start":{"line":17,"column":17},"end":{"line":17,"column":18}},"loc":{"start":{"line":17,"column":23},"end":{"line":17,"column":53}},"line":17},"2":{"name":"(anonymous_2)","decl":{"start":{"line":19,"column":19},"end":{"line":19,"column":20}},"loc":{"start":{"line":19,"column":69},"end":{"line":27,"column":3}},"line":19},"3":{"name":"(anonymous_3)","decl":{"start":{"line":29,"column":23},"end":{"line":29,"column":24}},"loc":{"start":{"line":29,"column":66},"end":{"line":39,"column":3}},"line":29},"4":{"name":"(anonymous_4)","decl":{"start":{"line":41,"column":21},"end":{"line":41,"column":22}},"loc":{"start":{"line":43,"column":4},"end":{"line":74,"column":12}},"line":43},"5":{"name":"(anonymous_5)","decl":{"start":{"line":43,"column":26},"end":{"line":43,"column":27}},"loc":{"start":{"line":43,"column":31},"end":{"line":43,"column":60}},"line":43},"6":{"name":"(anonymous_6)","decl":{"start":{"line":54,"column":100},"end":{"line":54,"column":101}},"loc":{"start":{"line":54,"column":105},"end":{"line":54,"column":140}},"line":54},"7":{"name":"(anonymous_7)","decl":{"start":{"line":66,"column":18},"end":{"line":66,"column":19}},"loc":{"start":{"line":66,"column":22},"end":{"line":66,"column":52}},"line":66},"8":{"name":"(anonymous_8)","decl":{"start":{"line":72,"column":28},"end":{"line":72,"column":29}},"loc":{"start":{"line":72,"column":32},"end":{"line":72,"column":51}},"line":72}},"branchMap":{"0":{"loc":{"start":{"line":21,"column":4},"end":{"line":26,"column":5}},"type":"if","locations":[{"start":{"line":21,"column":4},"end":{"line":26,"column":5}},{"start":{"line":21,"column":4},"end":{"line":26,"column":5}}],"line":21},"1":{"loc":{"start":{"line":24,"column":44},"end":{"line":24,"column":79}},"type":"cond-expr","locations":[{"start":{"line":24,"column":60},"end":{"line":24,"column":65}},{"start":{"line":24,"column":68},"end":{"line":24,"column":79}}],"line":24},"2":{"loc":{"start":{"line":24,"column":83},"end":{"line":24,"column":124}},"type":"cond-expr","locations":[{"start":{"line":24,"column":101},"end":{"line":24,"column":108}},{"start":{"line":24,"column":111},"end":{"line":24,"column":124}}],"line":24},"3":{"loc":{"start":{"line":24,"column":128},"end":{"line":24,"column":169}},"type":"cond-expr","locations":[{"start":{"line":24,"column":146},"end":{"line":24,"column":153}},{"start":{"line":24,"column":156},"end":{"line":24,"column":169}}],"line":24},"4":{"loc":{"start":{"line":29,"column":30},"end":{"line":29,"column":45}},"type":"default-arg","locations":[{"start":{"line":29,"column":42},"end":{"line":29,"column":45}}],"line":29},"5":{"loc":{"start":{"line":29,"column":47},"end":{"line":29,"column":61}},"type":"default-arg","locations":[{"start":{"line":29,"column":57},"end":{"line":29,"column":61}}],"line":29},"6":{"loc":{"start":{"line":33,"column":4},"end":{"line":33,"column":24}},"type":"if","locations":[{"start":{"line":33,"column":4},"end":{"line":33,"column":24}},{"start":{"line":33,"column":4},"end":{"line":33,"column":24}}],"line":33},"7":{"loc":{"start":{"line":34,"column":4},"end":{"line":34,"column":24}},"type":"if","locations":[{"start":{"line":34,"column":4},"end":{"line":34,"column":24}},{"start":{"line":34,"column":4},"end":{"line":34,"column":24}}],"line":34},"8":{"loc":{"start":{"line":37,"column":4},"end":{"line":37,"column":103}},"type":"cond-expr","locations":[{"start":{"line":37,"column":16},"end":{"line":37,"column":58}},{"start":{"line":37,"column":61},"end":{"line":37,"column":103}}],"line":37},"9":{"loc":{"start":{"line":53,"column":7},"end":{"line":55,"column":13}},"type":"cond-expr","locations":[{"start":{"line":54,"column":8},"end":{"line":54,"column":158}},{"start":{"line":55,"column":11},"end":{"line":55,"column":13}}],"line":53},"10":{"loc":{"start":{"line":53,"column":8},"end":{"line":53,"column":50}},"type":"binary-expr","locations":[{"start":{"line":53,"column":8},"end":{"line":53,"column":37}},{"start":{"line":53,"column":41},"end":{"line":53,"column":50}}],"line":53},"11":{"loc":{"start":{"line":59,"column":5},"end":{"line":63,"column":5}},"type":"cond-expr","locations":[{"start":{"line":60,"column":6},"end":{"line":60,"column":63}},{"start":{"line":62,"column":6},"end":{"line":62,"column":165}}],"line":59},"12":{"loc":{"start":{"line":62,"column":93},"end":{"line":62,"column":160}},"type":"cond-expr","locations":[{"start":{"line":62,"column":115},"end":{"line":62,"column":155}},{"start":{"line":62,"column":158},"end":{"line":62,"column":160}}],"line":62}},"s":{"0":1,"1":0,"2":0,"3":0,"4":0,"5":0,"6":0,"7":0,"8":0,"9":0,"10":0,"11":0,"12":0,"13":0,"14":0,"15":0,"16":0,"17":0,"18":0,"19":0,"20":0,"21":0,"22":0,"23":0,"24":0,"25":0,"26":0,"27":1},"f":{"0":0,"1":0,"2":0,"3":0,"4":0,"5":0,"6":0,"7":0,"8":0},"b":{"0":[0,0],"1":[0,0],"2":[0,0],"3":[0,0],"4":[0],"5":[0],"6":[0,0],"7":[0,0],"8":[0,0],"9":[0,0],"10":[0,0],"11":[0,0],"12":[0,0]},"_coverageSchema":"43e27e138ebf9cfc5966b082cf9a028302ed4184","hash":"83a18846364522264e117c2fa658d9faf29f220e"}
,"/Users/migueldepelsmaeker/Pictures/Practical/Tasks/social-network-SgtBlade 2/src/js/comps/BookpostMessages.jsx": {"path":"/Users/migueldepelsmaeker/Pictures/Practical/Tasks/social-network-SgtBlade 2/src/js/comps/BookpostMessages.jsx","statementMap":{"0":{"start":{"line":10,"column":25},"end":{"line":62,"column":1}},"1":{"start":{"line":12,"column":27},"end":{"line":12,"column":51}},"2":{"start":{"line":13,"column":22},"end":{"line":13,"column":25}},"3":{"start":{"line":15,"column":40},"end":{"line":15,"column":52}},"4":{"start":{"line":16,"column":22},"end":{"line":19,"column":3}},"5":{"start":{"line":17,"column":4},"end":{"line":18,"column":31}},"6":{"start":{"line":17,"column":35},"end":{"line":17,"column":83}},"7":{"start":{"line":18,"column":9},"end":{"line":18,"column":31}},"8":{"start":{"line":21,"column":23},"end":{"line":25,"column":3}},"9":{"start":{"line":22,"column":4},"end":{"line":22,"column":23}},"10":{"start":{"line":23,"column":4},"end":{"line":23,"column":45}},"11":{"start":{"line":24,"column":4},"end":{"line":24,"column":51}},"12":{"start":{"line":24,"column":32},"end":{"line":24,"column":51}},"13":{"start":{"line":27,"column":22},"end":{"line":30,"column":3}},"14":{"start":{"line":28,"column":18},"end":{"line":28,"column":66}},"15":{"start":{"line":29,"column":4},"end":{"line":29,"column":164}},"16":{"start":{"line":32,"column":25},"end":{"line":32,"column":37}},"17":{"start":{"line":33,"column":25},"end":{"line":33,"column":70}},"18":{"start":{"line":33,"column":31},"end":{"line":33,"column":70}},"19":{"start":{"line":37,"column":2},"end":{"line":43,"column":3}},"20":{"start":{"line":39,"column":6},"end":{"line":41,"column":8}},"21":{"start":{"line":40,"column":8},"end":{"line":40,"column":25}},"22":{"start":{"line":46,"column":2},"end":{"line":61,"column":5}},"23":{"start":{"line":47,"column":6},"end":{"line":60,"column":9}},"24":{"start":{"line":50,"column":10},"end":{"line":50,"column":126}},"25":{"start":{"line":54,"column":27},"end":{"line":54,"column":52}},"26":{"start":{"line":55,"column":50},"end":{"line":55,"column":84}},"27":{"start":{"line":63,"column":0},"end":{"line":65,"column":2}}},"fnMap":{"0":{"name":"(anonymous_0)","decl":{"start":{"line":10,"column":25},"end":{"line":10,"column":26}},"loc":{"start":{"line":10,"column":41},"end":{"line":62,"column":1}},"line":10},"1":{"name":"(anonymous_1)","decl":{"start":{"line":16,"column":22},"end":{"line":16,"column":23}},"loc":{"start":{"line":16,"column":33},"end":{"line":19,"column":3}},"line":16},"2":{"name":"(anonymous_2)","decl":{"start":{"line":21,"column":23},"end":{"line":21,"column":24}},"loc":{"start":{"line":21,"column":36},"end":{"line":25,"column":3}},"line":21},"3":{"name":"(anonymous_3)","decl":{"start":{"line":27,"column":22},"end":{"line":27,"column":23}},"loc":{"start":{"line":27,"column":28},"end":{"line":30,"column":3}},"line":27},"4":{"name":"(anonymous_4)","decl":{"start":{"line":33,"column":25},"end":{"line":33,"column":26}},"loc":{"start":{"line":33,"column":31},"end":{"line":33,"column":70}},"line":33},"5":{"name":"(anonymous_5)","decl":{"start":{"line":38,"column":4},"end":{"line":38,"column":5}},"loc":{"start":{"line":39,"column":6},"end":{"line":41,"column":8}},"line":39},"6":{"name":"(anonymous_6)","decl":{"start":{"line":39,"column":14},"end":{"line":39,"column":15}},"loc":{"start":{"line":39,"column":20},"end":{"line":41,"column":7}},"line":39},"7":{"name":"(anonymous_7)","decl":{"start":{"line":46,"column":21},"end":{"line":46,"column":22}},"loc":{"start":{"line":47,"column":6},"end":{"line":60,"column":9}},"line":47},"8":{"name":"(anonymous_8)","decl":{"start":{"line":49,"column":31},"end":{"line":49,"column":32}},"loc":{"start":{"line":50,"column":10},"end":{"line":50,"column":126}},"line":50},"9":{"name":"(anonymous_9)","decl":{"start":{"line":54,"column":22},"end":{"line":54,"column":23}},"loc":{"start":{"line":54,"column":27},"end":{"line":54,"column":52}},"line":54},"10":{"name":"(anonymous_10)","decl":{"start":{"line":55,"column":45},"end":{"line":55,"column":46}},"loc":{"start":{"line":55,"column":50},"end":{"line":55,"column":84}},"line":55}},"branchMap":{"0":{"loc":{"start":{"line":17,"column":4},"end":{"line":18,"column":31}},"type":"if","locations":[{"start":{"line":17,"column":4},"end":{"line":18,"column":31}},{"start":{"line":17,"column":4},"end":{"line":18,"column":31}}],"line":17},"1":{"loc":{"start":{"line":24,"column":4},"end":{"line":24,"column":51}},"type":"if","locations":[{"start":{"line":24,"column":4},"end":{"line":24,"column":51}},{"start":{"line":24,"column":4},"end":{"line":24,"column":51}}],"line":24},"2":{"loc":{"start":{"line":29,"column":32},"end":{"line":29,"column":130}},"type":"cond-expr","locations":[{"start":{"line":29,"column":61},"end":{"line":29,"column":94}},{"start":{"line":29,"column":97},"end":{"line":29,"column":130}}],"line":29}},"s":{"0":1,"1":0,"2":0,"3":0,"4":0,"5":0,"6":0,"7":0,"8":0,"9":0,"10":0,"11":0,"12":0,"13":0,"14":0,"15":0,"16":0,"17":0,"18":0,"19":0,"20":0,"21":0,"22":0,"23":0,"24":0,"25":0,"26":0,"27":1},"f":{"0":0,"1":0,"2":0,"3":0,"4":0,"5":0,"6":0,"7":0,"8":0,"9":0,"10":0},"b":{"0":[0,0],"1":[0,0],"2":[0,0]},"_coverageSchema":"43e27e138ebf9cfc5966b082cf9a028302ed4184","hash":"09222c69f10dd12f70766752f4ce0ccba87b6ab2"}
,"/Users/migueldepelsmaeker/Pictures/Practical/Tasks/social-network-SgtBlade 2/src/js/comps/Bookslinks.jsx": {"path":"/Users/migueldepelsmaeker/Pictures/Practical/Tasks/social-network-SgtBlade 2/src/js/comps/Bookslinks.jsx","statementMap":{"0":{"start":{"line":7,"column":18},"end":{"line":21,"column":1}},"1":{"start":{"line":9,"column":20},"end":{"line":9,"column":44}},"2":{"start":{"line":11,"column":2},"end":{"line":20,"column":5}},"3":{"start":{"line":12,"column":4},"end":{"line":19,"column":10}},"4":{"start":{"line":22,"column":0},"end":{"line":25,"column":2}}},"fnMap":{"0":{"name":"(anonymous_0)","decl":{"start":{"line":7,"column":18},"end":{"line":7,"column":19}},"loc":{"start":{"line":7,"column":44},"end":{"line":21,"column":1}},"line":7},"1":{"name":"(anonymous_1)","decl":{"start":{"line":11,"column":21},"end":{"line":11,"column":22}},"loc":{"start":{"line":12,"column":4},"end":{"line":19,"column":10}},"line":12}},"branchMap":{},"s":{"0":1,"1":0,"2":0,"3":0,"4":1},"f":{"0":0,"1":0},"b":{},"_coverageSchema":"43e27e138ebf9cfc5966b082cf9a028302ed4184","hash":"a799dca8011cf4daea7f88a77796e60e38542f30"}
,"/Users/migueldepelsmaeker/Pictures/Practical/Tasks/social-network-SgtBlade 2/src/js/comps/Comment.jsx": {"path":"/Users/migueldepelsmaeker/Pictures/Practical/Tasks/social-network-SgtBlade 2/src/js/comps/Comment.jsx","statementMap":{"0":{"start":{"line":8,"column":16},"end":{"line":22,"column":1}},"1":{"start":{"line":9,"column":20},"end":{"line":9,"column":44}},"2":{"start":{"line":10,"column":2},"end":{"line":21,"column":5}},"3":{"start":{"line":11,"column":4},"end":{"line":20,"column":10}},"4":{"start":{"line":16,"column":35},"end":{"line":16,"column":55}},"5":{"start":{"line":17,"column":35},"end":{"line":17,"column":57}},"6":{"start":{"line":24,"column":0},"end":{"line":26,"column":2}}},"fnMap":{"0":{"name":"(anonymous_0)","decl":{"start":{"line":8,"column":16},"end":{"line":8,"column":17}},"loc":{"start":{"line":8,"column":35},"end":{"line":22,"column":1}},"line":8},"1":{"name":"(anonymous_1)","decl":{"start":{"line":10,"column":21},"end":{"line":10,"column":22}},"loc":{"start":{"line":11,"column":4},"end":{"line":20,"column":10}},"line":11},"2":{"name":"(anonymous_2)","decl":{"start":{"line":16,"column":31},"end":{"line":16,"column":32}},"loc":{"start":{"line":16,"column":35},"end":{"line":16,"column":55}},"line":16},"3":{"name":"(anonymous_3)","decl":{"start":{"line":17,"column":31},"end":{"line":17,"column":32}},"loc":{"start":{"line":17,"column":35},"end":{"line":17,"column":57}},"line":17}},"branchMap":{"0":{"loc":{"start":{"line":16,"column":131},"end":{"line":16,"column":198}},"type":"cond-expr","locations":[{"start":{"line":16,"column":168},"end":{"line":16,"column":193}},{"start":{"line":16,"column":196},"end":{"line":16,"column":198}}],"line":16},"1":{"loc":{"start":{"line":17,"column":135},"end":{"line":17,"column":206}},"type":"cond-expr","locations":[{"start":{"line":17,"column":174},"end":{"line":17,"column":201}},{"start":{"line":17,"column":204},"end":{"line":17,"column":206}}],"line":17}},"s":{"0":1,"1":0,"2":0,"3":0,"4":0,"5":0,"6":1},"f":{"0":0,"1":0,"2":0,"3":0},"b":{"0":[0,0],"1":[0,0]},"_coverageSchema":"43e27e138ebf9cfc5966b082cf9a028302ed4184","hash":"9863796b3f2517cc0239b25070667fced00532b7"}
,"/Users/migueldepelsmaeker/Pictures/Practical/Tasks/social-network-SgtBlade 2/src/js/comps/Detail.jsx": {"path":"/Users/migueldepelsmaeker/Pictures/Practical/Tasks/social-network-SgtBlade 2/src/js/comps/Detail.jsx","statementMap":{"0":{"start":{"line":9,"column":15},"end":{"line":82,"column":1}},"1":{"start":{"line":11,"column":27},"end":{"line":11,"column":51}},"2":{"start":{"line":12,"column":17},"end":{"line":12,"column":28}},"3":{"start":{"line":13,"column":15},"end":{"line":13,"column":41}},"4":{"start":{"line":15,"column":19},"end":{"line":22,"column":3}},"5":{"start":{"line":16,"column":4},"end":{"line":21,"column":5}},"6":{"start":{"line":17,"column":6},"end":{"line":17,"column":24}},"7":{"start":{"line":19,"column":28},"end":{"line":19,"column":178}},"8":{"start":{"line":20,"column":6},"end":{"line":20,"column":29}},"9":{"start":{"line":24,"column":23},"end":{"line":34,"column":3}},"10":{"start":{"line":25,"column":13},"end":{"line":25,"column":27}},"11":{"start":{"line":26,"column":13},"end":{"line":26,"column":30}},"12":{"start":{"line":27,"column":15},"end":{"line":27,"column":33}},"13":{"start":{"line":28,"column":4},"end":{"line":28,"column":24}},"14":{"start":{"line":28,"column":14},"end":{"line":28,"column":24}},"15":{"start":{"line":29,"column":4},"end":{"line":29,"column":24}},"16":{"start":{"line":29,"column":14},"end":{"line":29,"column":24}},"17":{"start":{"line":31,"column":20},"end":{"line":31,"column":22}},"18":{"start":{"line":32,"column":4},"end":{"line":32,"column":104}},"19":{"start":{"line":33,"column":4},"end":{"line":33,"column":22}},"20":{"start":{"line":36,"column":2},"end":{"line":81,"column":5}},"21":{"start":{"line":38,"column":4},"end":{"line":80,"column":7}},"22":{"start":{"line":53,"column":12},"end":{"line":53,"column":136}},"23":{"start":{"line":61,"column":27},"end":{"line":61,"column":67}}},"fnMap":{"0":{"name":"(anonymous_0)","decl":{"start":{"line":9,"column":15},"end":{"line":9,"column":16}},"loc":{"start":{"line":9,"column":21},"end":{"line":82,"column":1}},"line":9},"1":{"name":"(anonymous_1)","decl":{"start":{"line":15,"column":19},"end":{"line":15,"column":20}},"loc":{"start":{"line":15,"column":69},"end":{"line":22,"column":3}},"line":15},"2":{"name":"(anonymous_2)","decl":{"start":{"line":24,"column":23},"end":{"line":24,"column":24}},"loc":{"start":{"line":24,"column":66},"end":{"line":34,"column":3}},"line":24},"3":{"name":"(anonymous_3)","decl":{"start":{"line":36,"column":21},"end":{"line":36,"column":22}},"loc":{"start":{"line":38,"column":4},"end":{"line":80,"column":7}},"line":38},"4":{"name":"(anonymous_4)","decl":{"start":{"line":52,"column":50},"end":{"line":52,"column":51}},"loc":{"start":{"line":53,"column":12},"end":{"line":53,"column":136}},"line":53},"5":{"name":"(anonymous_5)","decl":{"start":{"line":61,"column":20},"end":{"line":61,"column":21}},"loc":{"start":{"line":61,"column":26},"end":{"line":61,"column":68}},"line":61}},"branchMap":{"0":{"loc":{"start":{"line":16,"column":4},"end":{"line":21,"column":5}},"type":"if","locations":[{"start":{"line":16,"column":4},"end":{"line":21,"column":5}},{"start":{"line":16,"column":4},"end":{"line":21,"column":5}}],"line":16},"1":{"loc":{"start":{"line":19,"column":44},"end":{"line":19,"column":79}},"type":"cond-expr","locations":[{"start":{"line":19,"column":60},"end":{"line":19,"column":65}},{"start":{"line":19,"column":68},"end":{"line":19,"column":79}}],"line":19},"2":{"loc":{"start":{"line":19,"column":83},"end":{"line":19,"column":124}},"type":"cond-expr","locations":[{"start":{"line":19,"column":101},"end":{"line":19,"column":108}},{"start":{"line":19,"column":111},"end":{"line":19,"column":124}}],"line":19},"3":{"loc":{"start":{"line":19,"column":128},"end":{"line":19,"column":169}},"type":"cond-expr","locations":[{"start":{"line":19,"column":146},"end":{"line":19,"column":153}},{"start":{"line":19,"column":156},"end":{"line":19,"column":169}}],"line":19},"4":{"loc":{"start":{"line":24,"column":30},"end":{"line":24,"column":45}},"type":"default-arg","locations":[{"start":{"line":24,"column":42},"end":{"line":24,"column":45}}],"line":24},"5":{"loc":{"start":{"line":24,"column":47},"end":{"line":24,"column":61}},"type":"default-arg","locations":[{"start":{"line":24,"column":57},"end":{"line":24,"column":61}}],"line":24},"6":{"loc":{"start":{"line":28,"column":4},"end":{"line":28,"column":24}},"type":"if","locations":[{"start":{"line":28,"column":4},"end":{"line":28,"column":24}},{"start":{"line":28,"column":4},"end":{"line":28,"column":24}}],"line":28},"7":{"loc":{"start":{"line":29,"column":4},"end":{"line":29,"column":24}},"type":"if","locations":[{"start":{"line":29,"column":4},"end":{"line":29,"column":24}},{"start":{"line":29,"column":4},"end":{"line":29,"column":24}}],"line":29},"8":{"loc":{"start":{"line":32,"column":4},"end":{"line":32,"column":103}},"type":"cond-expr","locations":[{"start":{"line":32,"column":16},"end":{"line":32,"column":58}},{"start":{"line":32,"column":61},"end":{"line":32,"column":103}}],"line":32},"9":{"loc":{"start":{"line":41,"column":7},"end":{"line":77,"column":29}},"type":"cond-expr","locations":[{"start":{"line":42,"column":8},"end":{"line":76,"column":11}},{"start":{"line":77,"column":10},"end":{"line":77,"column":29}}],"line":41},"10":{"loc":{"start":{"line":43,"column":84},"end":{"line":43,"column":180}},"type":"cond-expr","locations":[{"start":{"line":43,"column":102},"end":{"line":43,"column":147}},{"start":{"line":43,"column":150},"end":{"line":43,"column":180}}],"line":43},"11":{"loc":{"start":{"line":47,"column":11},"end":{"line":59,"column":144}},"type":"cond-expr","locations":[{"start":{"line":48,"column":10},"end":{"line":58,"column":11}},{"start":{"line":59,"column":12},"end":{"line":59,"column":144}}],"line":47},"12":{"loc":{"start":{"line":66,"column":11},"end":{"line":66,"column":161}},"type":"cond-expr","locations":[{"start":{"line":66,"column":27},"end":{"line":66,"column":157}},{"start":{"line":66,"column":159},"end":{"line":66,"column":161}}],"line":66}},"s":{"0":1,"1":0,"2":0,"3":0,"4":0,"5":0,"6":0,"7":0,"8":0,"9":0,"10":0,"11":0,"12":0,"13":0,"14":0,"15":0,"16":0,"17":0,"18":0,"19":0,"20":0,"21":0,"22":0,"23":0},"f":{"0":0,"1":0,"2":0,"3":0,"4":0,"5":0},"b":{"0":[0,0],"1":[0,0],"2":[0,0],"3":[0,0],"4":[0],"5":[0],"6":[0,0],"7":[0,0],"8":[0,0],"9":[0,0],"10":[0,0],"11":[0,0],"12":[0,0]},"_coverageSchema":"43e27e138ebf9cfc5966b082cf9a028302ed4184","hash":"429d265d4ca5132565b14a32b44a007bd4060099"}
,"/Users/migueldepelsmaeker/Pictures/Practical/Tasks/social-network-SgtBlade 2/src/js/comps/Home.jsx": {"path":"/Users/migueldepelsmaeker/Pictures/Practical/Tasks/social-network-SgtBlade 2/src/js/comps/Home.jsx","statementMap":{"0":{"start":{"line":9,"column":13},"end":{"line":33,"column":1}},"1":{"start":{"line":11,"column":27},"end":{"line":11,"column":51}},"2":{"start":{"line":14,"column":16},"end":{"line":14,"column":28}},"3":{"start":{"line":15,"column":20},"end":{"line":15,"column":100}},"4":{"start":{"line":15,"column":31},"end":{"line":15,"column":100}},"5":{"start":{"line":15,"column":65},"end":{"line":15,"column":94}},"6":{"start":{"line":17,"column":18},"end":{"line":19,"column":3}},"7":{"start":{"line":18,"column":4},"end":{"line":18,"column":33}},"8":{"start":{"line":22,"column":2},"end":{"line":32,"column":5}},"9":{"start":{"line":23,"column":4},"end":{"line":31,"column":7}},"10":{"start":{"line":24,"column":29},"end":{"line":24,"column":39}},"11":{"start":{"line":27,"column":10},"end":{"line":27,"column":112}},"12":{"start":{"line":27,"column":44},"end":{"line":27,"column":60}}},"fnMap":{"0":{"name":"(anonymous_0)","decl":{"start":{"line":9,"column":13},"end":{"line":9,"column":14}},"loc":{"start":{"line":9,"column":19},"end":{"line":33,"column":1}},"line":9},"1":{"name":"(anonymous_1)","decl":{"start":{"line":15,"column":20},"end":{"line":15,"column":21}},"loc":{"start":{"line":15,"column":31},"end":{"line":15,"column":100}},"line":15},"2":{"name":"(anonymous_2)","decl":{"start":{"line":15,"column":59},"end":{"line":15,"column":60}},"loc":{"start":{"line":15,"column":65},"end":{"line":15,"column":94}},"line":15},"3":{"name":"(anonymous_3)","decl":{"start":{"line":17,"column":18},"end":{"line":17,"column":19}},"loc":{"start":{"line":17,"column":24},"end":{"line":19,"column":3}},"line":17},"4":{"name":"(anonymous_4)","decl":{"start":{"line":22,"column":22},"end":{"line":22,"column":23}},"loc":{"start":{"line":23,"column":4},"end":{"line":31,"column":7}},"line":23},"5":{"name":"(anonymous_5)","decl":{"start":{"line":24,"column":24},"end":{"line":24,"column":25}},"loc":{"start":{"line":24,"column":29},"end":{"line":24,"column":39}},"line":24},"6":{"name":"(anonymous_6)","decl":{"start":{"line":26,"column":29},"end":{"line":26,"column":30}},"loc":{"start":{"line":27,"column":10},"end":{"line":27,"column":112}},"line":27},"7":{"name":"(anonymous_7)","decl":{"start":{"line":27,"column":33},"end":{"line":27,"column":34}},"loc":{"start":{"line":27,"column":44},"end":{"line":27,"column":60}},"line":27}},"branchMap":{},"s":{"0":1,"1":0,"2":0,"3":0,"4":0,"5":0,"6":0,"7":0,"8":0,"9":0,"10":0,"11":0,"12":0},"f":{"0":0,"1":0,"2":0,"3":0,"4":0,"5":0,"6":0,"7":0},"b":{},"_coverageSchema":"43e27e138ebf9cfc5966b082cf9a028302ed4184","hash":"a09ad3e0d0cab4426e35cda3945c7bf72b77a77f"}
,"/Users/migueldepelsmaeker/Pictures/Practical/Tasks/social-network-SgtBlade 2/src/js/comps/NewBook.jsx": {"path":"/Users/migueldepelsmaeker/Pictures/Practical/Tasks/social-network-SgtBlade 2/src/js/comps/NewBook.jsx","statementMap":{"0":{"start":{"line":6,"column":16},"end":{"line":63,"column":1}},"1":{"start":{"line":8,"column":27},"end":{"line":8,"column":51}},"2":{"start":{"line":10,"column":23},"end":{"line":13,"column":3}},"3":{"start":{"line":11,"column":4},"end":{"line":11,"column":23}},"4":{"start":{"line":12,"column":4},"end":{"line":12,"column":24}},"5":{"start":{"line":15,"column":23},"end":{"line":25,"column":3}},"6":{"start":{"line":16,"column":13},"end":{"line":16,"column":27}},"7":{"start":{"line":17,"column":13},"end":{"line":17,"column":30}},"8":{"start":{"line":18,"column":15},"end":{"line":18,"column":33}},"9":{"start":{"line":19,"column":4},"end":{"line":19,"column":24}},"10":{"start":{"line":19,"column":14},"end":{"line":19,"column":24}},"11":{"start":{"line":20,"column":4},"end":{"line":20,"column":24}},"12":{"start":{"line":20,"column":14},"end":{"line":20,"column":24}},"13":{"start":{"line":22,"column":20},"end":{"line":22,"column":22}},"14":{"start":{"line":23,"column":4},"end":{"line":23,"column":104}},"15":{"start":{"line":24,"column":4},"end":{"line":24,"column":22}},"16":{"start":{"line":27,"column":2},"end":{"line":62,"column":5}},"17":{"start":{"line":28,"column":4},"end":{"line":61,"column":14}},"18":{"start":{"line":30,"column":27},"end":{"line":30,"column":42}},"19":{"start":{"line":35,"column":25},"end":{"line":35,"column":79}},"20":{"start":{"line":44,"column":25},"end":{"line":44,"column":81}},"21":{"start":{"line":54,"column":25},"end":{"line":54,"column":78}}},"fnMap":{"0":{"name":"(anonymous_0)","decl":{"start":{"line":6,"column":16},"end":{"line":6,"column":17}},"loc":{"start":{"line":6,"column":22},"end":{"line":63,"column":1}},"line":6},"1":{"name":"(anonymous_1)","decl":{"start":{"line":10,"column":23},"end":{"line":10,"column":24}},"loc":{"start":{"line":10,"column":30},"end":{"line":13,"column":3}},"line":10},"2":{"name":"(anonymous_2)","decl":{"start":{"line":15,"column":23},"end":{"line":15,"column":24}},"loc":{"start":{"line":15,"column":66},"end":{"line":25,"column":3}},"line":15},"3":{"name":"(anonymous_3)","decl":{"start":{"line":27,"column":21},"end":{"line":27,"column":22}},"loc":{"start":{"line":28,"column":4},"end":{"line":61,"column":14}},"line":28},"4":{"name":"(anonymous_4)","decl":{"start":{"line":30,"column":22},"end":{"line":30,"column":23}},"loc":{"start":{"line":30,"column":27},"end":{"line":30,"column":42}},"line":30},"5":{"name":"(anonymous_5)","decl":{"start":{"line":35,"column":20},"end":{"line":35,"column":21}},"loc":{"start":{"line":35,"column":25},"end":{"line":35,"column":79}},"line":35},"6":{"name":"(anonymous_6)","decl":{"start":{"line":44,"column":20},"end":{"line":44,"column":21}},"loc":{"start":{"line":44,"column":25},"end":{"line":44,"column":81}},"line":44},"7":{"name":"(anonymous_7)","decl":{"start":{"line":54,"column":20},"end":{"line":54,"column":21}},"loc":{"start":{"line":54,"column":25},"end":{"line":54,"column":78}},"line":54}},"branchMap":{"0":{"loc":{"start":{"line":15,"column":30},"end":{"line":15,"column":45}},"type":"default-arg","locations":[{"start":{"line":15,"column":42},"end":{"line":15,"column":45}}],"line":15},"1":{"loc":{"start":{"line":15,"column":47},"end":{"line":15,"column":61}},"type":"default-arg","locations":[{"start":{"line":15,"column":57},"end":{"line":15,"column":61}}],"line":15},"2":{"loc":{"start":{"line":19,"column":4},"end":{"line":19,"column":24}},"type":"if","locations":[{"start":{"line":19,"column":4},"end":{"line":19,"column":24}},{"start":{"line":19,"column":4},"end":{"line":19,"column":24}}],"line":19},"3":{"loc":{"start":{"line":20,"column":4},"end":{"line":20,"column":24}},"type":"if","locations":[{"start":{"line":20,"column":4},"end":{"line":20,"column":24}},{"start":{"line":20,"column":4},"end":{"line":20,"column":24}}],"line":20},"4":{"loc":{"start":{"line":23,"column":4},"end":{"line":23,"column":103}},"type":"cond-expr","locations":[{"start":{"line":23,"column":16},"end":{"line":23,"column":58}},{"start":{"line":23,"column":61},"end":{"line":23,"column":103}}],"line":23}},"s":{"0":1,"1":0,"2":0,"3":0,"4":0,"5":0,"6":0,"7":0,"8":0,"9":0,"10":0,"11":0,"12":0,"13":0,"14":0,"15":0,"16":0,"17":0,"18":0,"19":0,"20":0,"21":0},"f":{"0":0,"1":0,"2":0,"3":0,"4":0,"5":0,"6":0,"7":0},"b":{"0":[0],"1":[0],"2":[0,0],"3":[0,0],"4":[0,0]},"_coverageSchema":"43e27e138ebf9cfc5966b082cf9a028302ed4184","hash":"a17b5747f664c834b4613a1378a4a21f277912dd"}
,"/Users/migueldepelsmaeker/Pictures/Practical/Tasks/social-network-SgtBlade 2/src/js/comps/Returnbutton.jsx": {"path":"/Users/migueldepelsmaeker/Pictures/Practical/Tasks/social-network-SgtBlade 2/src/js/comps/Returnbutton.jsx","statementMap":{"0":{"start":{"line":6,"column":21},"end":{"line":14,"column":1}},"1":{"start":{"line":8,"column":20},"end":{"line":8,"column":44}},"2":{"start":{"line":9,"column":18},"end":{"line":9,"column":30}},"3":{"start":{"line":11,"column":2},"end":{"line":13,"column":4}},"4":{"start":{"line":12,"column":83},"end":{"line":12,"column":100}}},"fnMap":{"0":{"name":"(anonymous_0)","decl":{"start":{"line":6,"column":21},"end":{"line":6,"column":22}},"loc":{"start":{"line":6,"column":27},"end":{"line":14,"column":1}},"line":6},"1":{"name":"(anonymous_1)","decl":{"start":{"line":12,"column":75},"end":{"line":12,"column":76}},"loc":{"start":{"line":12,"column":81},"end":{"line":12,"column":102}},"line":12}},"branchMap":{},"s":{"0":1,"1":0,"2":0,"3":0,"4":0},"f":{"0":0,"1":0},"b":{},"_coverageSchema":"43e27e138ebf9cfc5966b082cf9a028302ed4184","hash":"8aa38f85193fa92b78e4dc52ea75b3fbd6c722f4"}
,"/Users/migueldepelsmaeker/Pictures/Practical/Tasks/social-network-SgtBlade 2/src/js/comps/SystemMessage.jsx": {"path":"/Users/migueldepelsmaeker/Pictures/Practical/Tasks/social-network-SgtBlade 2/src/js/comps/SystemMessage.jsx","statementMap":{"0":{"start":{"line":5,"column":22},"end":{"line":10,"column":1}},"1":{"start":{"line":7,"column":20},"end":{"line":7,"column":44}},"2":{"start":{"line":9,"column":2},"end":{"line":9,"column":162}}},"fnMap":{"0":{"name":"(anonymous_0)","decl":{"start":{"line":5,"column":22},"end":{"line":5,"column":23}},"loc":{"start":{"line":5,"column":47},"end":{"line":10,"column":1}},"line":5}},"branchMap":{"0":{"loc":{"start":{"line":9,"column":50},"end":{"line":9,"column":113}},"type":"cond-expr","locations":[{"start":{"line":9,"column":61},"end":{"line":9,"column":88}},{"start":{"line":9,"column":91},"end":{"line":9,"column":113}}],"line":9}},"s":{"0":1,"1":0,"2":0},"f":{"0":0},"b":{"0":[0,0]},"_coverageSchema":"43e27e138ebf9cfc5966b082cf9a028302ed4184","hash":"6bd5513fcb3616bce7d25eefd8356e8b6e48e9e4"}
,"/Users/migueldepelsmaeker/Pictures/Practical/Tasks/social-network-SgtBlade 2/src/js/comps/ThemeHeader.jsx": {"path":"/Users/migueldepelsmaeker/Pictures/Practical/Tasks/social-network-SgtBlade 2/src/js/comps/ThemeHeader.jsx","statementMap":{"0":{"start":{"line":7,"column":20},"end":{"line":25,"column":1}},"1":{"start":{"line":9,"column":20},"end":{"line":9,"column":44}},"2":{"start":{"line":10,"column":14},"end":{"line":10,"column":36}},"3":{"start":{"line":12,"column":2},"end":{"line":24,"column":5}},"4":{"start":{"line":13,"column":8},"end":{"line":23,"column":14}},"5":{"start":{"line":18,"column":47},"end":{"line":18,"column":63}}},"fnMap":{"0":{"name":"(anonymous_0)","decl":{"start":{"line":7,"column":20},"end":{"line":7,"column":21}},"loc":{"start":{"line":7,"column":26},"end":{"line":25,"column":1}},"line":7},"1":{"name":"(anonymous_1)","decl":{"start":{"line":12,"column":22},"end":{"line":12,"column":23}},"loc":{"start":{"line":13,"column":8},"end":{"line":23,"column":14}},"line":13},"2":{"name":"(anonymous_2)","decl":{"start":{"line":18,"column":43},"end":{"line":18,"column":44}},"loc":{"start":{"line":18,"column":47},"end":{"line":18,"column":63}},"line":18}},"branchMap":{"0":{"loc":{"start":{"line":14,"column":13},"end":{"line":14,"column":141}},"type":"cond-expr","locations":[{"start":{"line":14,"column":30},"end":{"line":14,"column":32}},{"start":{"line":14,"column":35},"end":{"line":14,"column":141}}],"line":14}},"s":{"0":1,"1":0,"2":0,"3":0,"4":0,"5":0},"f":{"0":0,"1":0,"2":0},"b":{"0":[0,0]},"_coverageSchema":"43e27e138ebf9cfc5966b082cf9a028302ed4184","hash":"9963796ce6e83d3bccee68b4b19a5612a4d61890"}
,"/Users/migueldepelsmaeker/Pictures/Practical/Tasks/social-network-SgtBlade 2/src/js/modules/bookPost.js": {"path":"/Users/migueldepelsmaeker/Pictures/Practical/Tasks/social-network-SgtBlade 2/src/js/modules/bookPost.js","statementMap":{"0":{"start":{"line":5,"column":0},"end":{"line":5,"column":40}},"1":{"start":{"line":10,"column":4},"end":{"line":10,"column":76}},"2":{"start":{"line":11,"column":4},"end":{"line":11,"column":23}},"3":{"start":{"line":12,"column":4},"end":{"line":12,"column":37}},"4":{"start":{"line":13,"column":4},"end":{"line":13,"column":21}},"5":{"start":{"line":14,"column":4},"end":{"line":14,"column":23}},"6":{"start":{"line":15,"column":4},"end":{"line":15,"column":23}},"7":{"start":{"line":16,"column":4},"end":{"line":16,"column":21}},"8":{"start":{"line":20,"column":4},"end":{"line":20,"column":56}},"9":{"start":{"line":24,"column":17},"end":{"line":24,"column":40}},"10":{"start":{"line":25,"column":4},"end":{"line":25,"column":91}},"11":{"start":{"line":26,"column":4},"end":{"line":26,"column":106}},"12":{"start":{"line":27,"column":4},"end":{"line":27,"column":80}},"13":{"start":{"line":28,"column":4},"end":{"line":28,"column":74}},"14":{"start":{"line":31,"column":16},"end":{"line":40,"column":3}},"15":{"start":{"line":32,"column":4},"end":{"line":39,"column":7}},"16":{"start":{"line":34,"column":6},"end":{"line":35,"column":35}},"17":{"start":{"line":34,"column":29},"end":{"line":34,"column":70}},"18":{"start":{"line":35,"column":11},"end":{"line":35,"column":35}},"19":{"start":{"line":37,"column":6},"end":{"line":37,"column":25}},"20":{"start":{"line":38,"column":6},"end":{"line":38,"column":30}},"21":{"start":{"line":43,"column":4},"end":{"line":43,"column":25}},"22":{"start":{"line":45,"column":4},"end":{"line":46,"column":125}},"23":{"start":{"line":45,"column":35},"end":{"line":45,"column":59}},"24":{"start":{"line":46,"column":9},"end":{"line":46,"column":125}},"25":{"start":{"line":46,"column":81},"end":{"line":46,"column":125}},"26":{"start":{"line":48,"column":4},"end":{"line":49,"column":210}},"27":{"start":{"line":48,"column":61},"end":{"line":48,"column":87}},"28":{"start":{"line":49,"column":9},"end":{"line":49,"column":210}},"29":{"start":{"line":49,"column":147},"end":{"line":49,"column":210}},"30":{"start":{"line":53,"column":4},"end":{"line":53,"column":97}},"31":{"start":{"line":53,"column":28},"end":{"line":53,"column":97}},"32":{"start":{"line":57,"column":0},"end":{"line":72,"column":3}}},"fnMap":{"0":{"name":"(anonymous_0)","decl":{"start":{"line":9,"column":2},"end":{"line":9,"column":3}},"loc":{"start":{"line":9,"column":76},"end":{"line":17,"column":3}},"line":9},"1":{"name":"(anonymous_1)","decl":{"start":{"line":19,"column":2},"end":{"line":19,"column":3}},"loc":{"start":{"line":19,"column":13},"end":{"line":21,"column":3}},"line":19},"2":{"name":"(anonymous_2)","decl":{"start":{"line":23,"column":2},"end":{"line":23,"column":3}},"loc":{"start":{"line":23,"column":17},"end":{"line":29,"column":3}},"line":23},"3":{"name":"(anonymous_3)","decl":{"start":{"line":31,"column":16},"end":{"line":31,"column":17}},"loc":{"start":{"line":31,"column":32},"end":{"line":40,"column":3}},"line":31},"4":{"name":"(anonymous_4)","decl":{"start":{"line":33,"column":10},"end":{"line":33,"column":11}},"loc":{"start":{"line":33,"column":24},"end":{"line":36,"column":5}},"line":33},"5":{"name":"(anonymous_5)","decl":{"start":{"line":36,"column":7},"end":{"line":36,"column":8}},"loc":{"start":{"line":36,"column":18},"end":{"line":39,"column":5}},"line":36},"6":{"name":"(anonymous_6)","decl":{"start":{"line":42,"column":2},"end":{"line":42,"column":3}},"loc":{"start":{"line":42,"column":21},"end":{"line":50,"column":3}},"line":42},"7":{"name":"(anonymous_7)","decl":{"start":{"line":52,"column":2},"end":{"line":52,"column":3}},"loc":{"start":{"line":52,"column":32},"end":{"line":54,"column":3}},"line":52}},"branchMap":{"0":{"loc":{"start":{"line":9,"column":37},"end":{"line":9,"column":50}},"type":"default-arg","locations":[{"start":{"line":9,"column":45},"end":{"line":9,"column":50}}],"line":9},"1":{"loc":{"start":{"line":9,"column":52},"end":{"line":9,"column":67}},"type":"default-arg","locations":[{"start":{"line":9,"column":63},"end":{"line":9,"column":67}}],"line":9},"2":{"loc":{"start":{"line":10,"column":4},"end":{"line":10,"column":75}},"type":"cond-expr","locations":[{"start":{"line":10,"column":26},"end":{"line":10,"column":50}},{"start":{"line":10,"column":53},"end":{"line":10,"column":75}}],"line":10},"3":{"loc":{"start":{"line":20,"column":4},"end":{"line":20,"column":55}},"type":"cond-expr","locations":[{"start":{"line":20,"column":17},"end":{"line":20,"column":35}},{"start":{"line":20,"column":38},"end":{"line":20,"column":55}}],"line":20},"4":{"loc":{"start":{"line":34,"column":6},"end":{"line":35,"column":35}},"type":"if","locations":[{"start":{"line":34,"column":6},"end":{"line":35,"column":35}},{"start":{"line":34,"column":6},"end":{"line":35,"column":35}}],"line":34},"5":{"loc":{"start":{"line":45,"column":4},"end":{"line":46,"column":125}},"type":"if","locations":[{"start":{"line":45,"column":4},"end":{"line":46,"column":125}},{"start":{"line":45,"column":4},"end":{"line":46,"column":125}}],"line":45},"6":{"loc":{"start":{"line":45,"column":7},"end":{"line":45,"column":33}},"type":"binary-expr","locations":[{"start":{"line":45,"column":7},"end":{"line":45,"column":24}},{"start":{"line":45,"column":28},"end":{"line":45,"column":33}}],"line":45},"7":{"loc":{"start":{"line":46,"column":9},"end":{"line":46,"column":125}},"type":"if","locations":[{"start":{"line":46,"column":9},"end":{"line":46,"column":125}},{"start":{"line":46,"column":9},"end":{"line":46,"column":125}}],"line":46},"8":{"loc":{"start":{"line":46,"column":13},"end":{"line":46,"column":79}},"type":"binary-expr","locations":[{"start":{"line":46,"column":14},"end":{"line":46,"column":31}},{"start":{"line":46,"column":35},"end":{"line":46,"column":39}},{"start":{"line":46,"column":45},"end":{"line":46,"column":49}},{"start":{"line":46,"column":53},"end":{"line":46,"column":78}}],"line":46},"9":{"loc":{"start":{"line":48,"column":4},"end":{"line":49,"column":210}},"type":"if","locations":[{"start":{"line":48,"column":4},"end":{"line":49,"column":210}},{"start":{"line":48,"column":4},"end":{"line":49,"column":210}}],"line":48},"10":{"loc":{"start":{"line":48,"column":8},"end":{"line":48,"column":59}},"type":"binary-expr","locations":[{"start":{"line":48,"column":8},"end":{"line":48,"column":50}},{"start":{"line":48,"column":54},"end":{"line":48,"column":59}}],"line":48},"11":{"loc":{"start":{"line":49,"column":9},"end":{"line":49,"column":210}},"type":"if","locations":[{"start":{"line":49,"column":9},"end":{"line":49,"column":210}},{"start":{"line":49,"column":9},"end":{"line":49,"column":210}}],"line":49},"12":{"loc":{"start":{"line":49,"column":13},"end":{"line":49,"column":145}},"type":"binary-expr","locations":[{"start":{"line":49,"column":14},"end":{"line":49,"column":56}},{"start":{"line":49,"column":60},"end":{"line":49,"column":64}},{"start":{"line":49,"column":71},"end":{"line":49,"column":136}},{"start":{"line":49,"column":140},"end":{"line":49,"column":144}}],"line":49},"13":{"loc":{"start":{"line":53,"column":4},"end":{"line":53,"column":97}},"type":"if","locations":[{"start":{"line":53,"column":4},"end":{"line":53,"column":97}},{"start":{"line":53,"column":4},"end":{"line":53,"column":97}}],"line":53}},"s":{"0":4,"1":10,"2":10,"3":10,"4":10,"5":10,"6":10,"7":10,"8":1,"9":3,"10":3,"11":3,"12":3,"13":3,"14":10,"15":10,"16":0,"17":0,"18":0,"19":0,"20":0,"21":0,"22":0,"23":0,"24":0,"25":0,"26":0,"27":0,"28":0,"29":0,"30":0,"31":0,"32":4},"f":{"0":10,"1":1,"2":3,"3":10,"4":0,"5":0,"6":0,"7":0},"b":{"0":[7],"1":[10],"2":[0,10],"3":[0,1],"4":[0,0],"5":[0,0],"6":[0,0],"7":[0,0],"8":[0,0,0,0],"9":[0,0],"10":[0,0],"11":[0,0],"12":[0,0,0,0],"13":[0,0]},"_coverageSchema":"43e27e138ebf9cfc5966b082cf9a028302ed4184","hash":"05c74ee88125d9d04ab710a545c57cc3ee24e4f5"}
,"/Users/migueldepelsmaeker/Pictures/Practical/Tasks/social-network-SgtBlade 2/src/js/modules/comment.js": {"path":"/Users/migueldepelsmaeker/Pictures/Practical/Tasks/social-network-SgtBlade 2/src/js/modules/comment.js","statementMap":{"0":{"start":{"line":2,"column":0},"end":{"line":2,"column":40}},"1":{"start":{"line":5,"column":4},"end":{"line":5,"column":21}},"2":{"start":{"line":6,"column":4},"end":{"line":6,"column":27}},"3":{"start":{"line":7,"column":4},"end":{"line":7,"column":21}},"4":{"start":{"line":8,"column":4},"end":{"line":8,"column":23}},"5":{"start":{"line":9,"column":4},"end":{"line":9,"column":27}},"6":{"start":{"line":10,"column":4},"end":{"line":10,"column":28}},"7":{"start":{"line":14,"column":4},"end":{"line":15,"column":52}},"8":{"start":{"line":14,"column":33},"end":{"line":14,"column":51}},"9":{"start":{"line":15,"column":9},"end":{"line":15,"column":52}},"10":{"start":{"line":15,"column":36},"end":{"line":15,"column":52}},"11":{"start":{"line":19,"column":4},"end":{"line":23,"column":5}},"12":{"start":{"line":20,"column":6},"end":{"line":20,"column":71}},"13":{"start":{"line":20,"column":41},"end":{"line":20,"column":71}},"14":{"start":{"line":21,"column":6},"end":{"line":21,"column":37}},"15":{"start":{"line":22,"column":6},"end":{"line":22,"column":22}},"16":{"start":{"line":27,"column":4},"end":{"line":31,"column":5}},"17":{"start":{"line":28,"column":6},"end":{"line":28,"column":67}},"18":{"start":{"line":28,"column":39},"end":{"line":28,"column":67}},"19":{"start":{"line":29,"column":6},"end":{"line":29,"column":39}},"20":{"start":{"line":30,"column":6},"end":{"line":30,"column":24}},"21":{"start":{"line":35,"column":4},"end":{"line":35,"column":26}},"22":{"start":{"line":40,"column":14},"end":{"line":45,"column":1}},"23":{"start":{"line":47,"column":0},"end":{"line":56,"column":3}}},"fnMap":{"0":{"name":"(anonymous_0)","decl":{"start":{"line":4,"column":2},"end":{"line":4,"column":3}},"loc":{"start":{"line":4,"column":31},"end":{"line":11,"column":3}},"line":4},"1":{"name":"(anonymous_1)","decl":{"start":{"line":13,"column":2},"end":{"line":13,"column":3}},"loc":{"start":{"line":13,"column":17},"end":{"line":16,"column":3}},"line":13},"2":{"name":"(anonymous_2)","decl":{"start":{"line":18,"column":2},"end":{"line":18,"column":3}},"loc":{"start":{"line":18,"column":11},"end":{"line":24,"column":3}},"line":18},"3":{"name":"(anonymous_3)","decl":{"start":{"line":26,"column":2},"end":{"line":26,"column":3}},"loc":{"start":{"line":26,"column":13},"end":{"line":32,"column":3}},"line":26},"4":{"name":"(anonymous_4)","decl":{"start":{"line":34,"column":2},"end":{"line":34,"column":3}},"loc":{"start":{"line":34,"column":24},"end":{"line":36,"column":3}},"line":34}},"branchMap":{"0":{"loc":{"start":{"line":14,"column":4},"end":{"line":15,"column":52}},"type":"if","locations":[{"start":{"line":14,"column":4},"end":{"line":15,"column":52}},{"start":{"line":14,"column":4},"end":{"line":15,"column":52}}],"line":14},"1":{"loc":{"start":{"line":15,"column":9},"end":{"line":15,"column":52}},"type":"if","locations":[{"start":{"line":15,"column":9},"end":{"line":15,"column":52}},{"start":{"line":15,"column":9},"end":{"line":15,"column":52}}],"line":15},"2":{"loc":{"start":{"line":19,"column":4},"end":{"line":23,"column":5}},"type":"if","locations":[{"start":{"line":19,"column":4},"end":{"line":23,"column":5}},{"start":{"line":19,"column":4},"end":{"line":23,"column":5}}],"line":19},"3":{"loc":{"start":{"line":20,"column":6},"end":{"line":20,"column":71}},"type":"if","locations":[{"start":{"line":20,"column":6},"end":{"line":20,"column":71}},{"start":{"line":20,"column":6},"end":{"line":20,"column":71}}],"line":20},"4":{"loc":{"start":{"line":27,"column":4},"end":{"line":31,"column":5}},"type":"if","locations":[{"start":{"line":27,"column":4},"end":{"line":31,"column":5}},{"start":{"line":27,"column":4},"end":{"line":31,"column":5}}],"line":27},"5":{"loc":{"start":{"line":28,"column":6},"end":{"line":28,"column":67}},"type":"if","locations":[{"start":{"line":28,"column":6},"end":{"line":28,"column":67}},{"start":{"line":28,"column":6},"end":{"line":28,"column":67}}],"line":28}},"s":{"0":4,"1":17,"2":17,"3":17,"4":17,"5":17,"6":17,"7":1,"8":1,"9":0,"10":0,"11":2,"12":2,"13":1,"14":2,"15":2,"16":2,"17":2,"18":0,"19":2,"20":2,"21":4,"22":4,"23":4},"f":{"0":17,"1":1,"2":2,"3":2,"4":4},"b":{"0":[1,0],"1":[0,0],"2":[2,0],"3":[1,1],"4":[2,0],"5":[0,2]},"_coverageSchema":"43e27e138ebf9cfc5966b082cf9a028302ed4184","hash":"e4c59b2bf8aee2d516574607f1d4378c73fc104b"}
,"/Users/migueldepelsmaeker/Pictures/Practical/Tasks/social-network-SgtBlade 2/src/js/modules/user.js": {"path":"/Users/migueldepelsmaeker/Pictures/Practical/Tasks/social-network-SgtBlade 2/src/js/modules/user.js","statementMap":{"0":{"start":{"line":6,"column":4},"end":{"line":6,"column":21}},"1":{"start":{"line":7,"column":4},"end":{"line":7,"column":17}},"2":{"start":{"line":11,"column":0},"end":{"line":12,"column":3}}},"fnMap":{"0":{"name":"(anonymous_0)","decl":{"start":{"line":5,"column":2},"end":{"line":5,"column":3}},"loc":{"start":{"line":5,"column":24},"end":{"line":8,"column":3}},"line":5}},"branchMap":{},"s":{"0":9,"1":9,"2":5},"f":{"0":9},"b":{},"_coverageSchema":"43e27e138ebf9cfc5966b082cf9a028302ed4184","hash":"85c5dbb2f8cae8c19494e259a67021a96803605a"}
,"/Users/migueldepelsmaeker/Pictures/Practical/Tasks/social-network-SgtBlade 2/src/js/stores/Store.js": {"path":"/Users/migueldepelsmaeker/Pictures/Practical/Tasks/social-network-SgtBlade 2/src/js/stores/Store.js","statementMap":{"0":{"start":{"line":4,"column":0},"end":{"line":4,"column":40}},"1":{"start":{"line":9,"column":4},"end":{"line":9,"column":24}},"2":{"start":{"line":10,"column":4},"end":{"line":14,"column":5}},"3":{"start":{"line":15,"column":4},"end":{"line":15,"column":25}},"4":{"start":{"line":16,"column":4},"end":{"line":16,"column":40}},"5":{"start":{"line":21,"column":4},"end":{"line":35,"column":5}},"6":{"start":{"line":23,"column":20},"end":{"line":23,"column":96}},"7":{"start":{"line":23,"column":54},"end":{"line":23,"column":95}},"8":{"start":{"line":24,"column":26},"end":{"line":28,"column":8}},"9":{"start":{"line":30,"column":24},"end":{"line":30,"column":28}},"10":{"start":{"line":31,"column":6},"end":{"line":32,"column":30}},"11":{"start":{"line":31,"column":30},"end":{"line":31,"column":63}},"12":{"start":{"line":32,"column":11},"end":{"line":32,"column":30}},"13":{"start":{"line":33,"column":6},"end":{"line":33,"column":91}},"14":{"start":{"line":34,"column":6},"end":{"line":34,"column":25}},"15":{"start":{"line":39,"column":4},"end":{"line":39,"column":61}},"16":{"start":{"line":39,"column":45},"end":{"line":39,"column":59}},"17":{"start":{"line":43,"column":4},"end":{"line":50,"column":6}},"18":{"start":{"line":51,"column":4},"end":{"line":51,"column":37}},"19":{"start":{"line":52,"column":4},"end":{"line":60,"column":6}},"20":{"start":{"line":65,"column":4},"end":{"line":65,"column":59}},"21":{"start":{"line":69,"column":4},"end":{"line":69,"column":57}},"22":{"start":{"line":69,"column":25},"end":{"line":69,"column":57}},"23":{"start":{"line":70,"column":4},"end":{"line":70,"column":38}},"24":{"start":{"line":74,"column":4},"end":{"line":74,"column":36}},"25":{"start":{"line":78,"column":4},"end":{"line":78,"column":35}},"26":{"start":{"line":82,"column":4},"end":{"line":82,"column":38}},"27":{"start":{"line":86,"column":4},"end":{"line":86,"column":27}},"28":{"start":{"line":87,"column":19},"end":{"line":87,"column":34}},"29":{"start":{"line":88,"column":4},"end":{"line":88,"column":25}},"30":{"start":{"line":89,"column":4},"end":{"line":89,"column":18}},"31":{"start":{"line":93,"column":4},"end":{"line":93,"column":78}},"32":{"start":{"line":93,"column":43},"end":{"line":93,"column":76}},"33":{"start":{"line":97,"column":0},"end":{"line":109,"column":3}}},"fnMap":{"0":{"name":"(anonymous_0)","decl":{"start":{"line":8,"column":2},"end":{"line":8,"column":3}},"loc":{"start":{"line":8,"column":16},"end":{"line":18,"column":3}},"line":8},"1":{"name":"(anonymous_1)","decl":{"start":{"line":20,"column":2},"end":{"line":20,"column":3}},"loc":{"start":{"line":20,"column":16},"end":{"line":36,"column":3}},"line":20},"2":{"name":"(anonymous_2)","decl":{"start":{"line":23,"column":42},"end":{"line":23,"column":43}},"loc":{"start":{"line":23,"column":54},"end":{"line":23,"column":95}},"line":23},"3":{"name":"(anonymous_3)","decl":{"start":{"line":38,"column":2},"end":{"line":38,"column":3}},"loc":{"start":{"line":38,"column":14},"end":{"line":40,"column":3}},"line":38},"4":{"name":"(anonymous_4)","decl":{"start":{"line":39,"column":33},"end":{"line":39,"column":34}},"loc":{"start":{"line":39,"column":45},"end":{"line":39,"column":59}},"line":39},"5":{"name":"(anonymous_5)","decl":{"start":{"line":42,"column":2},"end":{"line":42,"column":3}},"loc":{"start":{"line":42,"column":18},"end":{"line":62,"column":3}},"line":42},"6":{"name":"(anonymous_6)","decl":{"start":{"line":64,"column":2},"end":{"line":64,"column":3}},"loc":{"start":{"line":64,"column":23},"end":{"line":66,"column":3}},"line":64},"7":{"name":"(anonymous_7)","decl":{"start":{"line":68,"column":2},"end":{"line":68,"column":3}},"loc":{"start":{"line":68,"column":33},"end":{"line":71,"column":3}},"line":68},"8":{"name":"(anonymous_8)","decl":{"start":{"line":73,"column":2},"end":{"line":73,"column":3}},"loc":{"start":{"line":73,"column":19},"end":{"line":75,"column":3}},"line":73},"9":{"name":"(anonymous_9)","decl":{"start":{"line":77,"column":2},"end":{"line":77,"column":3}},"loc":{"start":{"line":77,"column":18},"end":{"line":79,"column":3}},"line":77},"10":{"name":"(anonymous_10)","decl":{"start":{"line":81,"column":2},"end":{"line":81,"column":3}},"loc":{"start":{"line":81,"column":21},"end":{"line":83,"column":3}},"line":81},"11":{"name":"(anonymous_11)","decl":{"start":{"line":85,"column":2},"end":{"line":85,"column":3}},"loc":{"start":{"line":85,"column":25},"end":{"line":90,"column":3}},"line":85},"12":{"name":"(anonymous_12)","decl":{"start":{"line":92,"column":2},"end":{"line":92,"column":3}},"loc":{"start":{"line":92,"column":20},"end":{"line":94,"column":3}},"line":92},"13":{"name":"(anonymous_13)","decl":{"start":{"line":93,"column":31},"end":{"line":93,"column":32}},"loc":{"start":{"line":93,"column":43},"end":{"line":93,"column":76}},"line":93}},"branchMap":{"0":{"loc":{"start":{"line":21,"column":4},"end":{"line":35,"column":5}},"type":"if","locations":[{"start":{"line":21,"column":4},"end":{"line":35,"column":5}},{"start":{"line":21,"column":4},"end":{"line":35,"column":5}}],"line":21},"1":{"loc":{"start":{"line":31,"column":6},"end":{"line":32,"column":30}},"type":"if","locations":[{"start":{"line":31,"column":6},"end":{"line":32,"column":30}},{"start":{"line":31,"column":6},"end":{"line":32,"column":30}}],"line":31},"2":{"loc":{"start":{"line":69,"column":4},"end":{"line":69,"column":57}},"type":"if","locations":[{"start":{"line":69,"column":4},"end":{"line":69,"column":57}},{"start":{"line":69,"column":4},"end":{"line":69,"column":57}}],"line":69}},"s":{"0":3,"1":4,"2":4,"3":4,"4":4,"5":0,"6":0,"7":0,"8":0,"9":0,"10":0,"11":0,"12":0,"13":0,"14":0,"15":0,"16":0,"17":3,"18":3,"19":3,"20":1,"21":3,"22":1,"23":3,"24":0,"25":0,"26":0,"27":0,"28":0,"29":0,"30":0,"31":0,"32":0,"33":3},"f":{"0":4,"1":0,"2":0,"3":0,"4":0,"5":3,"6":1,"7":3,"8":0,"9":0,"10":0,"11":0,"12":0,"13":0},"b":{"0":[0,0],"1":[0,0],"2":[1,2]},"_coverageSchema":"43e27e138ebf9cfc5966b082cf9a028302ed4184","hash":"07bd08657b6cdfa8e1e1a79bc287a69416971061"}
,"/Users/migueldepelsmaeker/Pictures/Practical/Tasks/social-network-SgtBlade 2/src/js/stores/UIStore.js": {"path":"/Users/migueldepelsmaeker/Pictures/Practical/Tasks/social-network-SgtBlade 2/src/js/stores/UIStore.js","statementMap":{"0":{"start":{"line":2,"column":0},"end":{"line":2,"column":40}},"1":{"start":{"line":8,"column":4},"end":{"line":8,"column":29}},"2":{"start":{"line":12,"column":4},"end":{"line":12,"column":93}},"3":{"start":{"line":16,"column":4},"end":{"line":23,"column":5}},"4":{"start":{"line":18,"column":8},"end":{"line":18,"column":18}},"5":{"start":{"line":20,"column":8},"end":{"line":20,"column":27}},"6":{"start":{"line":22,"column":8},"end":{"line":22,"column":18}},"7":{"start":{"line":28,"column":15},"end":{"line":31,"column":1}},"8":{"start":{"line":33,"column":0},"end":{"line":37,"column":2}}},"fnMap":{"0":{"name":"(anonymous_0)","decl":{"start":{"line":7,"column":2},"end":{"line":7,"column":3}},"loc":{"start":{"line":7,"column":16},"end":{"line":9,"column":3}},"line":7},"1":{"name":"(anonymous_1)","decl":{"start":{"line":11,"column":2},"end":{"line":11,"column":3}},"loc":{"start":{"line":11,"column":11},"end":{"line":13,"column":3}},"line":11},"2":{"name":"(anonymous_2)","decl":{"start":{"line":15,"column":2},"end":{"line":15,"column":3}},"loc":{"start":{"line":15,"column":19},"end":{"line":24,"column":3}},"line":15}},"branchMap":{"0":{"loc":{"start":{"line":12,"column":4},"end":{"line":12,"column":92}},"type":"cond-expr","locations":[{"start":{"line":12,"column":37},"end":{"line":12,"column":61}},{"start":{"line":12,"column":66},"end":{"line":12,"column":91}}],"line":12},"1":{"loc":{"start":{"line":16,"column":4},"end":{"line":23,"column":5}},"type":"switch","locations":[{"start":{"line":17,"column":6},"end":{"line":18,"column":18}},{"start":{"line":19,"column":6},"end":{"line":20,"column":27}},{"start":{"line":21,"column":6},"end":{"line":22,"column":18}}],"line":16}},"s":{"0":2,"1":4,"2":2,"3":1,"4":0,"5":1,"6":0,"7":2,"8":2},"f":{"0":4,"1":2,"2":1},"b":{"0":[0,2],"1":[0,1,0]},"_coverageSchema":"43e27e138ebf9cfc5966b082cf9a028302ed4184","hash":"1657bac7b3d8c4b18fc7bfd5e932950543f28df7"}
,"/Users/migueldepelsmaeker/Pictures/Practical/Tasks/social-network-SgtBlade 2/src/js/stores/context.js": {"path":"/Users/migueldepelsmaeker/Pictures/Practical/Tasks/social-network-SgtBlade 2/src/js/stores/context.js","statementMap":{"0":{"start":{"line":5,"column":14},"end":{"line":5,"column":25}},"1":{"start":{"line":6,"column":0},"end":{"line":6,"column":22}},"2":{"start":{"line":7,"column":16},"end":{"line":7,"column":29}},"3":{"start":{"line":9,"column":28},"end":{"line":9,"column":75}}},"fnMap":{},"branchMap":{},"s":{"0":1,"1":1,"2":1,"3":1},"f":{},"b":{},"_coverageSchema":"43e27e138ebf9cfc5966b082cf9a028302ed4184","hash":"270f520223700b9ac23d3d55558e0bf91517f976"}
,"/Users/migueldepelsmaeker/Pictures/Practical/Tasks/social-network-SgtBlade 2/src/js/stores/useStore.js": {"path":"/Users/migueldepelsmaeker/Pictures/Practical/Tasks/social-network-SgtBlade 2/src/js/stores/useStore.js","statementMap":{"0":{"start":{"line":4,"column":24},"end":{"line":4,"column":54}},"1":{"start":{"line":4,"column":30},"end":{"line":4,"column":54}}},"fnMap":{"0":{"name":"(anonymous_0)","decl":{"start":{"line":4,"column":24},"end":{"line":4,"column":25}},"loc":{"start":{"line":4,"column":30},"end":{"line":4,"column":54}},"line":4}},"branchMap":{},"s":{"0":0,"1":0},"f":{"0":0},"b":{},"hash":"e8be67a8223ce4e815e9b88bba27fc4632833d8c"}
}
