{"/Users/migueldepelsmaeker/Pictures/Practical/Tasks/social-network-SgtBlade 2/src/App.js": {"path":"/Users/migueldepelsmaeker/Pictures/Practical/Tasks/social-network-SgtBlade 2/src/App.js","statementMap":{"0":{"start":{"line":24,"column":20},"end":{"line":24,"column":44}},"1":{"start":{"line":50,"column":2},"end":{"line":72,"column":5}},"2":{"start":{"line":51,"column":4},"end":{"line":71,"column":10}}},"fnMap":{"0":{"name":"App","decl":{"start":{"line":21,"column":9},"end":{"line":21,"column":12}},"loc":{"start":{"line":21,"column":15},"end":{"line":73,"column":1}},"line":21},"1":{"name":"(anonymous_1)","decl":{"start":{"line":50,"column":21},"end":{"line":50,"column":22}},"loc":{"start":{"line":51,"column":4},"end":{"line":71,"column":10}},"line":51}},"branchMap":{},"s":{"0":0,"1":0,"2":0},"f":{"0":0,"1":0},"b":{},"_coverageSchema":"43e27e138ebf9cfc5966b082cf9a028302ed4184","hash":"caacfe64d94d5f70e90e558385e0076cc5cf0367"}
,"/Users/migueldepelsmaeker/Pictures/Practical/Tasks/social-network-SgtBlade 2/src/index.js": {"path":"/Users/migueldepelsmaeker/Pictures/Practical/Tasks/social-network-SgtBlade 2/src/index.js","statementMap":{"0":{"start":{"line":7,"column":0},"end":{"line":12,"column":4}},"1":{"start":{"line":17,"column":0},"end":{"line":17,"column":27}}},"fnMap":{},"branchMap":{},"s":{"0":0,"1":0},"f":{},"b":{},"hash":"804040ec48bb1727da77d43fb73b044e4076f7bf"}
,"/Users/migueldepelsmaeker/Pictures/Practical/Tasks/social-network-SgtBlade 2/src/serviceWorker.js": {"path":"/Users/migueldepelsmaeker/Pictures/Practical/Tasks/social-network-SgtBlade 2/src/serviceWorker.js","statementMap":{"0":{"start":{"line":13,"column":20},"end":{"line":21,"column":1}},"1":{"start":{"line":24,"column":2},"end":{"line":54,"column":3}},"2":{"start":{"line":26,"column":22},"end":{"line":26,"column":75}},"3":{"start":{"line":27,"column":4},"end":{"line":32,"column":5}},"4":{"start":{"line":31,"column":6},"end":{"line":31,"column":13}},"5":{"start":{"line":34,"column":4},"end":{"line":53,"column":7}},"6":{"start":{"line":35,"column":20},"end":{"line":35,"column":65}},"7":{"start":{"line":37,"column":6},"end":{"line":52,"column":7}},"8":{"start":{"line":39,"column":8},"end":{"line":39,"column":47}},"9":{"start":{"line":43,"column":8},"end":{"line":48,"column":11}},"10":{"start":{"line":44,"column":10},"end":{"line":47,"column":12}},"11":{"start":{"line":51,"column":8},"end":{"line":51,"column":39}},"12":{"start":{"line":58,"column":2},"end":{"line":98,"column":7}},"13":{"start":{"line":61,"column":6},"end":{"line":94,"column":8}},"14":{"start":{"line":62,"column":33},"end":{"line":62,"column":56}},"15":{"start":{"line":63,"column":8},"end":{"line":65,"column":9}},"16":{"start":{"line":64,"column":10},"end":{"line":64,"column":17}},"17":{"start":{"line":66,"column":8},"end":{"line":93,"column":10}},"18":{"start":{"line":67,"column":10},"end":{"line":92,"column":11}},"19":{"start":{"line":68,"column":12},"end":{"line":91,"column":13}},"20":{"start":{"line":72,"column":14},"end":{"line":75,"column":16}},"21":{"start":{"line":78,"column":14},"end":{"line":80,"column":15}},"22":{"start":{"line":79,"column":16},"end":{"line":79,"column":46}},"23":{"start":{"line":85,"column":14},"end":{"line":85,"column":64}},"24":{"start":{"line":88,"column":14},"end":{"line":90,"column":15}},"25":{"start":{"line":89,"column":16},"end":{"line":89,"column":47}},"26":{"start":{"line":97,"column":6},"end":{"line":97,"column":72}},"27":{"start":{"line":103,"column":2},"end":{"line":128,"column":7}},"28":{"start":{"line":108,"column":26},"end":{"line":108,"column":62}},"29":{"start":{"line":109,"column":6},"end":{"line":122,"column":7}},"30":{"start":{"line":114,"column":8},"end":{"line":118,"column":11}},"31":{"start":{"line":115,"column":10},"end":{"line":117,"column":13}},"32":{"start":{"line":116,"column":12},"end":{"line":116,"column":37}},"33":{"start":{"line":121,"column":8},"end":{"line":121,"column":39}},"34":{"start":{"line":125,"column":6},"end":{"line":127,"column":8}},"35":{"start":{"line":132,"column":2},"end":{"line":140,"column":3}},"36":{"start":{"line":133,"column":4},"end":{"line":139,"column":9}},"37":{"start":{"line":135,"column":8},"end":{"line":135,"column":34}},"38":{"start":{"line":138,"column":8},"end":{"line":138,"column":37}}},"fnMap":{"0":{"name":"register","decl":{"start":{"line":23,"column":16},"end":{"line":23,"column":24}},"loc":{"start":{"line":23,"column":33},"end":{"line":55,"column":1}},"line":23},"1":{"name":"(anonymous_1)","decl":{"start":{"line":34,"column":36},"end":{"line":34,"column":37}},"loc":{"start":{"line":34,"column":42},"end":{"line":53,"column":5}},"line":34},"2":{"name":"(anonymous_2)","decl":{"start":{"line":43,"column":43},"end":{"line":43,"column":44}},"loc":{"start":{"line":43,"column":49},"end":{"line":48,"column":9}},"line":43},"3":{"name":"registerValidSW","decl":{"start":{"line":57,"column":9},"end":{"line":57,"column":24}},"loc":{"start":{"line":57,"column":40},"end":{"line":99,"column":1}},"line":57},"4":{"name":"(anonymous_4)","decl":{"start":{"line":60,"column":10},"end":{"line":60,"column":11}},"loc":{"start":{"line":60,"column":26},"end":{"line":95,"column":5}},"line":60},"5":{"name":"(anonymous_5)","decl":{"start":{"line":61,"column":35},"end":{"line":61,"column":36}},"loc":{"start":{"line":61,"column":41},"end":{"line":94,"column":7}},"line":61},"6":{"name":"(anonymous_6)","decl":{"start":{"line":66,"column":41},"end":{"line":66,"column":42}},"loc":{"start":{"line":66,"column":47},"end":{"line":93,"column":9}},"line":66},"7":{"name":"(anonymous_7)","decl":{"start":{"line":96,"column":11},"end":{"line":96,"column":12}},"loc":{"start":{"line":96,"column":20},"end":{"line":98,"column":5}},"line":96},"8":{"name":"checkValidServiceWorker","decl":{"start":{"line":101,"column":9},"end":{"line":101,"column":32}},"loc":{"start":{"line":101,"column":48},"end":{"line":129,"column":1}},"line":101},"9":{"name":"(anonymous_9)","decl":{"start":{"line":106,"column":10},"end":{"line":106,"column":11}},"loc":{"start":{"line":106,"column":22},"end":{"line":123,"column":5}},"line":106},"10":{"name":"(anonymous_10)","decl":{"start":{"line":114,"column":43},"end":{"line":114,"column":44}},"loc":{"start":{"line":114,"column":59},"end":{"line":118,"column":9}},"line":114},"11":{"name":"(anonymous_11)","decl":{"start":{"line":115,"column":41},"end":{"line":115,"column":42}},"loc":{"start":{"line":115,"column":47},"end":{"line":117,"column":11}},"line":115},"12":{"name":"(anonymous_12)","decl":{"start":{"line":124,"column":11},"end":{"line":124,"column":12}},"loc":{"start":{"line":124,"column":17},"end":{"line":128,"column":5}},"line":124},"13":{"name":"unregister","decl":{"start":{"line":131,"column":16},"end":{"line":131,"column":26}},"loc":{"start":{"line":131,"column":29},"end":{"line":141,"column":1}},"line":131},"14":{"name":"(anonymous_14)","decl":{"start":{"line":134,"column":12},"end":{"line":134,"column":13}},"loc":{"start":{"line":134,"column":28},"end":{"line":136,"column":7}},"line":134},"15":{"name":"(anonymous_15)","decl":{"start":{"line":137,"column":13},"end":{"line":137,"column":14}},"loc":{"start":{"line":137,"column":22},"end":{"line":139,"column":7}},"line":137}},"branchMap":{"0":{"loc":{"start":{"line":14,"column":2},"end":{"line":20,"column":5}},"type":"binary-expr","locations":[{"start":{"line":14,"column":2},"end":{"line":14,"column":42}},{"start":{"line":16,"column":4},"end":{"line":16,"column":40}},{"start":{"line":18,"column":4},"end":{"line":20,"column":5}}],"line":14},"1":{"loc":{"start":{"line":24,"column":2},"end":{"line":54,"column":3}},"type":"if","locations":[{"start":{"line":24,"column":2},"end":{"line":54,"column":3}},{"start":{"line":24,"column":2},"end":{"line":54,"column":3}}],"line":24},"2":{"loc":{"start":{"line":24,"column":6},"end":{"line":24,"column":75}},"type":"binary-expr","locations":[{"start":{"line":24,"column":6},"end":{"line":24,"column":43}},{"start":{"line":24,"column":47},"end":{"line":24,"column":75}}],"line":24},"3":{"loc":{"start":{"line":27,"column":4},"end":{"line":32,"column":5}},"type":"if","locations":[{"start":{"line":27,"column":4},"end":{"line":32,"column":5}},{"start":{"line":27,"column":4},"end":{"line":32,"column":5}}],"line":27},"4":{"loc":{"start":{"line":37,"column":6},"end":{"line":52,"column":7}},"type":"if","locations":[{"start":{"line":37,"column":6},"end":{"line":52,"column":7}},{"start":{"line":37,"column":6},"end":{"line":52,"column":7}}],"line":37},"5":{"loc":{"start":{"line":63,"column":8},"end":{"line":65,"column":9}},"type":"if","locations":[{"start":{"line":63,"column":8},"end":{"line":65,"column":9}},{"start":{"line":63,"column":8},"end":{"line":65,"column":9}}],"line":63},"6":{"loc":{"start":{"line":67,"column":10},"end":{"line":92,"column":11}},"type":"if","locations":[{"start":{"line":67,"column":10},"end":{"line":92,"column":11}},{"start":{"line":67,"column":10},"end":{"line":92,"column":11}}],"line":67},"7":{"loc":{"start":{"line":68,"column":12},"end":{"line":91,"column":13}},"type":"if","locations":[{"start":{"line":68,"column":12},"end":{"line":91,"column":13}},{"start":{"line":68,"column":12},"end":{"line":91,"column":13}}],"line":68},"8":{"loc":{"start":{"line":78,"column":14},"end":{"line":80,"column":15}},"type":"if","locations":[{"start":{"line":78,"column":14},"end":{"line":80,"column":15}},{"start":{"line":78,"column":14},"end":{"line":80,"column":15}}],"line":78},"9":{"loc":{"start":{"line":78,"column":18},"end":{"line":78,"column":43}},"type":"binary-expr","locations":[{"start":{"line":78,"column":18},"end":{"line":78,"column":24}},{"start":{"line":78,"column":28},"end":{"line":78,"column":43}}],"line":78},"10":{"loc":{"start":{"line":88,"column":14},"end":{"line":90,"column":15}},"type":"if","locations":[{"start":{"line":88,"column":14},"end":{"line":90,"column":15}},{"start":{"line":88,"column":14},"end":{"line":90,"column":15}}],"line":88},"11":{"loc":{"start":{"line":88,"column":18},"end":{"line":88,"column":44}},"type":"binary-expr","locations":[{"start":{"line":88,"column":18},"end":{"line":88,"column":24}},{"start":{"line":88,"column":28},"end":{"line":88,"column":44}}],"line":88},"12":{"loc":{"start":{"line":109,"column":6},"end":{"line":122,"column":7}},"type":"if","locations":[{"start":{"line":109,"column":6},"end":{"line":122,"column":7}},{"start":{"line":109,"column":6},"end":{"line":122,"column":7}}],"line":109},"13":{"loc":{"start":{"line":110,"column":8},"end":{"line":111,"column":73}},"type":"binary-expr","locations":[{"start":{"line":110,"column":8},"end":{"line":110,"column":31}},{"start":{"line":111,"column":9},"end":{"line":111,"column":28}},{"start":{"line":111,"column":32},"end":{"line":111,"column":72}}],"line":110},"14":{"loc":{"start":{"line":132,"column":2},"end":{"line":140,"column":3}},"type":"if","locations":[{"start":{"line":132,"column":2},"end":{"line":140,"column":3}},{"start":{"line":132,"column":2},"end":{"line":140,"column":3}}],"line":132}},"s":{"0":0,"1":0,"2":0,"3":0,"4":0,"5":0,"6":0,"7":0,"8":0,"9":0,"10":0,"11":0,"12":0,"13":0,"14":0,"15":0,"16":0,"17":0,"18":0,"19":0,"20":0,"21":0,"22":0,"23":0,"24":0,"25":0,"26":0,"27":0,"28":0,"29":0,"30":0,"31":0,"32":0,"33":0,"34":0,"35":0,"36":0,"37":0,"38":0},"f":{"0":0,"1":0,"2":0,"3":0,"4":0,"5":0,"6":0,"7":0,"8":0,"9":0,"10":0,"11":0,"12":0,"13":0,"14":0,"15":0},"b":{"0":[0,0,0],"1":[0,0],"2":[0,0],"3":[0,0],"4":[0,0],"5":[0,0],"6":[0,0],"7":[0,0],"8":[0,0],"9":[0,0],"10":[0,0],"11":[0,0],"12":[0,0],"13":[0,0,0],"14":[0,0]},"hash":"291a4806c1a847416f1f1ce8789d96b4cc11c2c8"}
,"/Users/migueldepelsmaeker/Pictures/Practical/Tasks/social-network-SgtBlade 2/src/js/comps/AddBook.jsx": {"path":"/Users/migueldepelsmaeker/Pictures/Practical/Tasks/social-network-SgtBlade 2/src/js/comps/AddBook.jsx","statementMap":{"0":{"start":{"line":8,"column":16},"end":{"line":70,"column":1}},"1":{"start":{"line":10,"column":27},"end":{"line":10,"column":51}},"2":{"start":{"line":11,"column":31},"end":{"line":11,"column":50}},"3":{"start":{"line":13,"column":23},"end":{"line":17,"column":3}},"4":{"start":{"line":14,"column":4},"end":{"line":14,"column":23}},"5":{"start":{"line":15,"column":25},"end":{"line":15,"column":44}},"6":{"start":{"line":16,"column":4},"end":{"line":16,"column":29}},"7":{"start":{"line":19,"column":23},"end":{"line":29,"column":3}},"8":{"start":{"line":20,"column":13},"end":{"line":20,"column":27}},"9":{"start":{"line":21,"column":13},"end":{"line":21,"column":30}},"10":{"start":{"line":22,"column":15},"end":{"line":22,"column":33}},"11":{"start":{"line":23,"column":4},"end":{"line":23,"column":24}},"12":{"start":{"line":23,"column":14},"end":{"line":23,"column":24}},"13":{"start":{"line":24,"column":4},"end":{"line":24,"column":24}},"14":{"start":{"line":24,"column":14},"end":{"line":24,"column":24}},"15":{"start":{"line":26,"column":20},"end":{"line":26,"column":22}},"16":{"start":{"line":27,"column":4},"end":{"line":27,"column":104}},"17":{"start":{"line":28,"column":4},"end":{"line":28,"column":22}},"18":{"start":{"line":31,"column":2},"end":{"line":69,"column":5}},"19":{"start":{"line":32,"column":4},"end":{"line":68,"column":16}},"20":{"start":{"line":37,"column":77},"end":{"line":37,"column":92}},"21":{"start":{"line":45,"column":25},"end":{"line":45,"column":79}},"22":{"start":{"line":53,"column":25},"end":{"line":53,"column":81}},"23":{"start":{"line":62,"column":25},"end":{"line":62,"column":78}}},"fnMap":{"0":{"name":"(anonymous_0)","decl":{"start":{"line":8,"column":16},"end":{"line":8,"column":17}},"loc":{"start":{"line":8,"column":22},"end":{"line":70,"column":1}},"line":8},"1":{"name":"(anonymous_1)","decl":{"start":{"line":13,"column":23},"end":{"line":13,"column":24}},"loc":{"start":{"line":13,"column":30},"end":{"line":17,"column":3}},"line":13},"2":{"name":"(anonymous_2)","decl":{"start":{"line":19,"column":23},"end":{"line":19,"column":24}},"loc":{"start":{"line":19,"column":66},"end":{"line":29,"column":3}},"line":19},"3":{"name":"(anonymous_3)","decl":{"start":{"line":31,"column":21},"end":{"line":31,"column":22}},"loc":{"start":{"line":32,"column":4},"end":{"line":68,"column":16}},"line":32},"4":{"name":"(anonymous_4)","decl":{"start":{"line":37,"column":72},"end":{"line":37,"column":73}},"loc":{"start":{"line":37,"column":77},"end":{"line":37,"column":92}},"line":37},"5":{"name":"(anonymous_5)","decl":{"start":{"line":45,"column":20},"end":{"line":45,"column":21}},"loc":{"start":{"line":45,"column":25},"end":{"line":45,"column":79}},"line":45},"6":{"name":"(anonymous_6)","decl":{"start":{"line":53,"column":20},"end":{"line":53,"column":21}},"loc":{"start":{"line":53,"column":25},"end":{"line":53,"column":81}},"line":53},"7":{"name":"(anonymous_7)","decl":{"start":{"line":62,"column":20},"end":{"line":62,"column":21}},"loc":{"start":{"line":62,"column":25},"end":{"line":62,"column":78}},"line":62}},"branchMap":{"0":{"loc":{"start":{"line":19,"column":30},"end":{"line":19,"column":45}},"type":"default-arg","locations":[{"start":{"line":19,"column":42},"end":{"line":19,"column":45}}],"line":19},"1":{"loc":{"start":{"line":19,"column":47},"end":{"line":19,"column":61}},"type":"default-arg","locations":[{"start":{"line":19,"column":57},"end":{"line":19,"column":61}}],"line":19},"2":{"loc":{"start":{"line":23,"column":4},"end":{"line":23,"column":24}},"type":"if","locations":[{"start":{"line":23,"column":4},"end":{"line":23,"column":24}},{"start":{"line":23,"column":4},"end":{"line":23,"column":24}}],"line":23},"3":{"loc":{"start":{"line":24,"column":4},"end":{"line":24,"column":24}},"type":"if","locations":[{"start":{"line":24,"column":4},"end":{"line":24,"column":24}},{"start":{"line":24,"column":4},"end":{"line":24,"column":24}}],"line":24},"4":{"loc":{"start":{"line":27,"column":4},"end":{"line":27,"column":103}},"type":"cond-expr","locations":[{"start":{"line":27,"column":16},"end":{"line":27,"column":58}},{"start":{"line":27,"column":61},"end":{"line":27,"column":103}}],"line":27},"5":{"loc":{"start":{"line":34,"column":5},"end":{"line":35,"column":116}},"type":"cond-expr","locations":[{"start":{"line":34,"column":26},"end":{"line":34,"column":119}},{"start":{"line":35,"column":6},"end":{"line":35,"column":116}}],"line":34},"6":{"loc":{"start":{"line":35,"column":6},"end":{"line":35,"column":116}},"type":"cond-expr","locations":[{"start":{"line":35,"column":28},"end":{"line":35,"column":110}},{"start":{"line":35,"column":114},"end":{"line":35,"column":116}}],"line":35}},"s":{"0":1,"1":0,"2":0,"3":0,"4":0,"5":0,"6":0,"7":0,"8":0,"9":0,"10":0,"11":0,"12":0,"13":0,"14":0,"15":0,"16":0,"17":0,"18":0,"19":0,"20":0,"21":0,"22":0,"23":0},"f":{"0":0,"1":0,"2":0,"3":0,"4":0,"5":0,"6":0,"7":0},"b":{"0":[0],"1":[0],"2":[0,0],"3":[0,0],"4":[0,0],"5":[0,0],"6":[0,0]},"_coverageSchema":"43e27e138ebf9cfc5966b082cf9a028302ed4184","hash":"2efe70df8d477726598b31f31a2e1185b71102b6"}
,"/Users/migueldepelsmaeker/Pictures/Practical/Tasks/social-network-SgtBlade 2/src/js/comps/BookOwnerstatus.jsx": {"path":"/Users/migueldepelsmaeker/Pictures/Practical/Tasks/social-network-SgtBlade 2/src/js/comps/BookOwnerstatus.jsx","statementMap":{"0":{"start":{"line":8,"column":24},"end":{"line":25,"column":1}},"1":{"start":{"line":10,"column":22},"end":{"line":10,"column":46}},"2":{"start":{"line":12,"column":2},"end":{"line":24,"column":5}},"3":{"start":{"line":13,"column":6},"end":{"line":22,"column":11}},"4":{"start":{"line":27,"column":0},"end":{"line":31,"column":2}}},"fnMap":{"0":{"name":"(anonymous_0)","decl":{"start":{"line":8,"column":24},"end":{"line":8,"column":25}},"loc":{"start":{"line":8,"column":54},"end":{"line":25,"column":1}},"line":8},"1":{"name":"(anonymous_1)","decl":{"start":{"line":12,"column":21},"end":{"line":12,"column":22}},"loc":{"start":{"line":13,"column":6},"end":{"line":22,"column":11}},"line":13}},"branchMap":{"0":{"loc":{"start":{"line":14,"column":5},"end":{"line":21,"column":11}},"type":"cond-expr","locations":[{"start":{"line":15,"column":8},"end":{"line":17,"column":14}},{"start":{"line":20,"column":12},"end":{"line":20,"column":60}}],"line":14}},"s":{"0":1,"1":0,"2":0,"3":0,"4":1},"f":{"0":0,"1":0},"b":{"0":[0,0]},"_coverageSchema":"43e27e138ebf9cfc5966b082cf9a028302ed4184","hash":"d2e35a893c4a2b723321dc66be031f227f033c2a"}
,"/Users/migueldepelsmaeker/Pictures/Practical/Tasks/social-network-SgtBlade 2/src/js/comps/Bookcover.jsx": {"path":"/Users/migueldepelsmaeker/Pictures/Practical/Tasks/social-network-SgtBlade 2/src/js/comps/Bookcover.jsx","statementMap":{"0":{"start":{"line":7,"column":18},"end":{"line":22,"column":1}},"1":{"start":{"line":9,"column":20},"end":{"line":9,"column":44}},"2":{"start":{"line":12,"column":2},"end":{"line":21,"column":5}},"3":{"start":{"line":13,"column":4},"end":{"line":20,"column":10}},"4":{"start":{"line":13,"column":85},"end":{"line":13,"column":124}},"5":{"start":{"line":24,"column":0},"end":{"line":28,"column":2}}},"fnMap":{"0":{"name":"(anonymous_0)","decl":{"start":{"line":7,"column":18},"end":{"line":7,"column":19}},"loc":{"start":{"line":7,"column":68},"end":{"line":22,"column":1}},"line":7},"1":{"name":"(anonymous_1)","decl":{"start":{"line":12,"column":22},"end":{"line":12,"column":23}},"loc":{"start":{"line":13,"column":4},"end":{"line":20,"column":10}},"line":13},"2":{"name":"(anonymous_2)","decl":{"start":{"line":13,"column":78},"end":{"line":13,"column":79}},"loc":{"start":{"line":13,"column":84},"end":{"line":13,"column":125}},"line":13}},"branchMap":{"0":{"loc":{"start":{"line":14,"column":85},"end":{"line":14,"column":171}},"type":"cond-expr","locations":[{"start":{"line":14,"column":98},"end":{"line":14,"column":138}},{"start":{"line":14,"column":141},"end":{"line":14,"column":171}}],"line":14}},"s":{"0":1,"1":0,"2":0,"3":0,"4":0,"5":1},"f":{"0":0,"1":0,"2":0},"b":{"0":[0,0]},"_coverageSchema":"43e27e138ebf9cfc5966b082cf9a028302ed4184","hash":"41a079d99ad32105c8bb873c9472cd33bfab96f3"}
,"/Users/migueldepelsmaeker/Pictures/Practical/Tasks/social-network-SgtBlade 2/src/js/comps/Bookpost.jsx": {"path":"/Users/migueldepelsmaeker/Pictures/Practical/Tasks/social-network-SgtBlade 2/src/js/comps/Bookpost.jsx","statementMap":{"0":{"start":{"line":12,"column":17},"end":{"line":83,"column":1}},"1":{"start":{"line":16,"column":27},"end":{"line":16,"column":51}},"2":{"start":{"line":17,"column":42},"end":{"line":17,"column":56}},"3":{"start":{"line":18,"column":17},"end":{"line":18,"column":53}},"4":{"start":{"line":18,"column":23},"end":{"line":18,"column":53}},"5":{"start":{"line":20,"column":19},"end":{"line":28,"column":3}},"6":{"start":{"line":22,"column":4},"end":{"line":27,"column":5}},"7":{"start":{"line":23,"column":6},"end":{"line":23,"column":24}},"8":{"start":{"line":25,"column":28},"end":{"line":25,"column":178}},"9":{"start":{"line":26,"column":6},"end":{"line":26,"column":29}},"10":{"start":{"line":30,"column":23},"end":{"line":40,"column":3}},"11":{"start":{"line":31,"column":13},"end":{"line":31,"column":27}},"12":{"start":{"line":32,"column":13},"end":{"line":32,"column":30}},"13":{"start":{"line":33,"column":15},"end":{"line":33,"column":33}},"14":{"start":{"line":34,"column":4},"end":{"line":34,"column":24}},"15":{"start":{"line":34,"column":14},"end":{"line":34,"column":24}},"16":{"start":{"line":35,"column":4},"end":{"line":35,"column":24}},"17":{"start":{"line":35,"column":14},"end":{"line":35,"column":24}},"18":{"start":{"line":37,"column":20},"end":{"line":37,"column":22}},"19":{"start":{"line":38,"column":4},"end":{"line":38,"column":104}},"20":{"start":{"line":39,"column":4},"end":{"line":39,"column":22}},"21":{"start":{"line":42,"column":2},"end":{"line":82,"column":5}},"22":{"start":{"line":44,"column":4},"end":{"line":78,"column":12}},"23":{"start":{"line":44,"column":31},"end":{"line":44,"column":56}},"24":{"start":{"line":55,"column":105},"end":{"line":55,"column":132}},"25":{"start":{"line":67,"column":26},"end":{"line":67,"column":52}},"26":{"start":{"line":76,"column":32},"end":{"line":76,"column":47}},"27":{"start":{"line":85,"column":0},"end":{"line":87,"column":2}}},"fnMap":{"0":{"name":"(anonymous_0)","decl":{"start":{"line":12,"column":17},"end":{"line":12,"column":18}},"loc":{"start":{"line":12,"column":42},"end":{"line":83,"column":1}},"line":12},"1":{"name":"(anonymous_1)","decl":{"start":{"line":18,"column":17},"end":{"line":18,"column":18}},"loc":{"start":{"line":18,"column":23},"end":{"line":18,"column":53}},"line":18},"2":{"name":"(anonymous_2)","decl":{"start":{"line":20,"column":19},"end":{"line":20,"column":20}},"loc":{"start":{"line":20,"column":69},"end":{"line":28,"column":3}},"line":20},"3":{"name":"(anonymous_3)","decl":{"start":{"line":30,"column":23},"end":{"line":30,"column":24}},"loc":{"start":{"line":30,"column":66},"end":{"line":40,"column":3}},"line":30},"4":{"name":"(anonymous_4)","decl":{"start":{"line":42,"column":21},"end":{"line":42,"column":22}},"loc":{"start":{"line":44,"column":4},"end":{"line":78,"column":12}},"line":44},"5":{"name":"(anonymous_5)","decl":{"start":{"line":44,"column":26},"end":{"line":44,"column":27}},"loc":{"start":{"line":44,"column":31},"end":{"line":44,"column":56}},"line":44},"6":{"name":"(anonymous_6)","decl":{"start":{"line":55,"column":100},"end":{"line":55,"column":101}},"loc":{"start":{"line":55,"column":105},"end":{"line":55,"column":132}},"line":55},"7":{"name":"(anonymous_7)","decl":{"start":{"line":67,"column":22},"end":{"line":67,"column":23}},"loc":{"start":{"line":67,"column":26},"end":{"line":67,"column":52}},"line":67},"8":{"name":"(anonymous_8)","decl":{"start":{"line":76,"column":28},"end":{"line":76,"column":29}},"loc":{"start":{"line":76,"column":32},"end":{"line":76,"column":47}},"line":76}},"branchMap":{"0":{"loc":{"start":{"line":22,"column":4},"end":{"line":27,"column":5}},"type":"if","locations":[{"start":{"line":22,"column":4},"end":{"line":27,"column":5}},{"start":{"line":22,"column":4},"end":{"line":27,"column":5}}],"line":22},"1":{"loc":{"start":{"line":25,"column":44},"end":{"line":25,"column":79}},"type":"cond-expr","locations":[{"start":{"line":25,"column":60},"end":{"line":25,"column":65}},{"start":{"line":25,"column":68},"end":{"line":25,"column":79}}],"line":25},"2":{"loc":{"start":{"line":25,"column":83},"end":{"line":25,"column":124}},"type":"cond-expr","locations":[{"start":{"line":25,"column":101},"end":{"line":25,"column":108}},{"start":{"line":25,"column":111},"end":{"line":25,"column":124}}],"line":25},"3":{"loc":{"start":{"line":25,"column":128},"end":{"line":25,"column":169}},"type":"cond-expr","locations":[{"start":{"line":25,"column":146},"end":{"line":25,"column":153}},{"start":{"line":25,"column":156},"end":{"line":25,"column":169}}],"line":25},"4":{"loc":{"start":{"line":30,"column":30},"end":{"line":30,"column":45}},"type":"default-arg","locations":[{"start":{"line":30,"column":42},"end":{"line":30,"column":45}}],"line":30},"5":{"loc":{"start":{"line":30,"column":47},"end":{"line":30,"column":61}},"type":"default-arg","locations":[{"start":{"line":30,"column":57},"end":{"line":30,"column":61}}],"line":30},"6":{"loc":{"start":{"line":34,"column":4},"end":{"line":34,"column":24}},"type":"if","locations":[{"start":{"line":34,"column":4},"end":{"line":34,"column":24}},{"start":{"line":34,"column":4},"end":{"line":34,"column":24}}],"line":34},"7":{"loc":{"start":{"line":35,"column":4},"end":{"line":35,"column":24}},"type":"if","locations":[{"start":{"line":35,"column":4},"end":{"line":35,"column":24}},{"start":{"line":35,"column":4},"end":{"line":35,"column":24}}],"line":35},"8":{"loc":{"start":{"line":38,"column":4},"end":{"line":38,"column":103}},"type":"cond-expr","locations":[{"start":{"line":38,"column":16},"end":{"line":38,"column":58}},{"start":{"line":38,"column":61},"end":{"line":38,"column":103}}],"line":38},"9":{"loc":{"start":{"line":54,"column":7},"end":{"line":56,"column":13}},"type":"cond-expr","locations":[{"start":{"line":55,"column":8},"end":{"line":55,"column":150}},{"start":{"line":56,"column":11},"end":{"line":56,"column":13}}],"line":54},"10":{"loc":{"start":{"line":54,"column":8},"end":{"line":54,"column":42}},"type":"binary-expr","locations":[{"start":{"line":54,"column":8},"end":{"line":54,"column":33}},{"start":{"line":54,"column":37},"end":{"line":54,"column":42}}],"line":54},"11":{"loc":{"start":{"line":60,"column":5},"end":{"line":64,"column":5}},"type":"cond-expr","locations":[{"start":{"line":61,"column":6},"end":{"line":61,"column":55}},{"start":{"line":63,"column":6},"end":{"line":63,"column":157}}],"line":60},"12":{"loc":{"start":{"line":63,"column":93},"end":{"line":63,"column":152}},"type":"cond-expr","locations":[{"start":{"line":63,"column":111},"end":{"line":63,"column":147}},{"start":{"line":63,"column":150},"end":{"line":63,"column":152}}],"line":63},"13":{"loc":{"start":{"line":66,"column":7},"end":{"line":71,"column":12}},"type":"cond-expr","locations":[{"start":{"line":67,"column":8},"end":{"line":70,"column":14}},{"start":{"line":71,"column":10},"end":{"line":71,"column":12}}],"line":66}},"s":{"0":1,"1":0,"2":0,"3":0,"4":0,"5":0,"6":0,"7":0,"8":0,"9":0,"10":0,"11":0,"12":0,"13":0,"14":0,"15":0,"16":0,"17":0,"18":0,"19":0,"20":0,"21":0,"22":0,"23":0,"24":0,"25":0,"26":0,"27":1},"f":{"0":0,"1":0,"2":0,"3":0,"4":0,"5":0,"6":0,"7":0,"8":0},"b":{"0":[0,0],"1":[0,0],"2":[0,0],"3":[0,0],"4":[0],"5":[0],"6":[0,0],"7":[0,0],"8":[0,0],"9":[0,0],"10":[0,0],"11":[0,0],"12":[0,0],"13":[0,0]},"_coverageSchema":"43e27e138ebf9cfc5966b082cf9a028302ed4184","hash":"edd9d893d5f831f5f7836cf6ee37eb685f45a5cc"}
,"/Users/migueldepelsmaeker/Pictures/Practical/Tasks/social-network-SgtBlade 2/src/js/comps/BookpostMessages.jsx": {"path":"/Users/migueldepelsmaeker/Pictures/Practical/Tasks/social-network-SgtBlade 2/src/js/comps/BookpostMessages.jsx","statementMap":{"0":{"start":{"line":10,"column":25},"end":{"line":59,"column":1}},"1":{"start":{"line":12,"column":27},"end":{"line":12,"column":51}},"2":{"start":{"line":13,"column":22},"end":{"line":13,"column":25}},"3":{"start":{"line":15,"column":40},"end":{"line":15,"column":52}},"4":{"start":{"line":16,"column":22},"end":{"line":19,"column":3}},"5":{"start":{"line":17,"column":4},"end":{"line":18,"column":31}},"6":{"start":{"line":17,"column":35},"end":{"line":17,"column":83}},"7":{"start":{"line":18,"column":9},"end":{"line":18,"column":31}},"8":{"start":{"line":21,"column":23},"end":{"line":25,"column":3}},"9":{"start":{"line":22,"column":4},"end":{"line":22,"column":23}},"10":{"start":{"line":23,"column":4},"end":{"line":23,"column":45}},"11":{"start":{"line":24,"column":4},"end":{"line":24,"column":51}},"12":{"start":{"line":24,"column":32},"end":{"line":24,"column":51}},"13":{"start":{"line":27,"column":22},"end":{"line":30,"column":3}},"14":{"start":{"line":28,"column":18},"end":{"line":28,"column":66}},"15":{"start":{"line":29,"column":4},"end":{"line":29,"column":164}},"16":{"start":{"line":32,"column":25},"end":{"line":32,"column":37}},"17":{"start":{"line":33,"column":25},"end":{"line":33,"column":104}},"18":{"start":{"line":33,"column":31},"end":{"line":33,"column":104}},"19":{"start":{"line":35,"column":2},"end":{"line":40,"column":4}},"20":{"start":{"line":37,"column":6},"end":{"line":39,"column":8}},"21":{"start":{"line":38,"column":8},"end":{"line":38,"column":25}},"22":{"start":{"line":43,"column":2},"end":{"line":58,"column":5}},"23":{"start":{"line":44,"column":6},"end":{"line":57,"column":9}},"24":{"start":{"line":47,"column":10},"end":{"line":47,"column":97}},"25":{"start":{"line":51,"column":27},"end":{"line":51,"column":48}},"26":{"start":{"line":52,"column":50},"end":{"line":52,"column":84}},"27":{"start":{"line":60,"column":0},"end":{"line":62,"column":2}}},"fnMap":{"0":{"name":"(anonymous_0)","decl":{"start":{"line":10,"column":25},"end":{"line":10,"column":26}},"loc":{"start":{"line":10,"column":37},"end":{"line":59,"column":1}},"line":10},"1":{"name":"(anonymous_1)","decl":{"start":{"line":16,"column":22},"end":{"line":16,"column":23}},"loc":{"start":{"line":16,"column":33},"end":{"line":19,"column":3}},"line":16},"2":{"name":"(anonymous_2)","decl":{"start":{"line":21,"column":23},"end":{"line":21,"column":24}},"loc":{"start":{"line":21,"column":36},"end":{"line":25,"column":3}},"line":21},"3":{"name":"(anonymous_3)","decl":{"start":{"line":27,"column":22},"end":{"line":27,"column":23}},"loc":{"start":{"line":27,"column":28},"end":{"line":30,"column":3}},"line":27},"4":{"name":"(anonymous_4)","decl":{"start":{"line":33,"column":25},"end":{"line":33,"column":26}},"loc":{"start":{"line":33,"column":31},"end":{"line":33,"column":104}},"line":33},"5":{"name":"(anonymous_5)","decl":{"start":{"line":36,"column":4},"end":{"line":36,"column":5}},"loc":{"start":{"line":37,"column":6},"end":{"line":39,"column":8}},"line":37},"6":{"name":"(anonymous_6)","decl":{"start":{"line":37,"column":14},"end":{"line":37,"column":15}},"loc":{"start":{"line":37,"column":20},"end":{"line":39,"column":7}},"line":37},"7":{"name":"(anonymous_7)","decl":{"start":{"line":43,"column":21},"end":{"line":43,"column":22}},"loc":{"start":{"line":44,"column":6},"end":{"line":57,"column":9}},"line":44},"8":{"name":"(anonymous_8)","decl":{"start":{"line":46,"column":27},"end":{"line":46,"column":28}},"loc":{"start":{"line":47,"column":10},"end":{"line":47,"column":97}},"line":47},"9":{"name":"(anonymous_9)","decl":{"start":{"line":51,"column":22},"end":{"line":51,"column":23}},"loc":{"start":{"line":51,"column":27},"end":{"line":51,"column":48}},"line":51},"10":{"name":"(anonymous_10)","decl":{"start":{"line":52,"column":45},"end":{"line":52,"column":46}},"loc":{"start":{"line":52,"column":50},"end":{"line":52,"column":84}},"line":52}},"branchMap":{"0":{"loc":{"start":{"line":17,"column":4},"end":{"line":18,"column":31}},"type":"if","locations":[{"start":{"line":17,"column":4},"end":{"line":18,"column":31}},{"start":{"line":17,"column":4},"end":{"line":18,"column":31}}],"line":17},"1":{"loc":{"start":{"line":24,"column":4},"end":{"line":24,"column":51}},"type":"if","locations":[{"start":{"line":24,"column":4},"end":{"line":24,"column":51}},{"start":{"line":24,"column":4},"end":{"line":24,"column":51}}],"line":24},"2":{"loc":{"start":{"line":29,"column":32},"end":{"line":29,"column":130}},"type":"cond-expr","locations":[{"start":{"line":29,"column":61},"end":{"line":29,"column":94}},{"start":{"line":29,"column":97},"end":{"line":29,"column":130}}],"line":29}},"s":{"0":1,"1":0,"2":0,"3":0,"4":0,"5":0,"6":0,"7":0,"8":0,"9":0,"10":0,"11":0,"12":0,"13":0,"14":0,"15":0,"16":0,"17":0,"18":0,"19":0,"20":0,"21":0,"22":0,"23":0,"24":0,"25":0,"26":0,"27":1},"f":{"0":0,"1":0,"2":0,"3":0,"4":0,"5":0,"6":0,"7":0,"8":0,"9":0,"10":0},"b":{"0":[0,0],"1":[0,0],"2":[0,0]},"_coverageSchema":"43e27e138ebf9cfc5966b082cf9a028302ed4184","hash":"5d77c84c36b80324690dd3805acc48573a342c8c"}
,"/Users/migueldepelsmaeker/Pictures/Practical/Tasks/social-network-SgtBlade 2/src/js/comps/Bookslinks.jsx": {"path":"/Users/migueldepelsmaeker/Pictures/Practical/Tasks/social-network-SgtBlade 2/src/js/comps/Bookslinks.jsx","statementMap":{"0":{"start":{"line":7,"column":18},"end":{"line":21,"column":1}},"1":{"start":{"line":9,"column":20},"end":{"line":9,"column":44}},"2":{"start":{"line":11,"column":2},"end":{"line":20,"column":5}},"3":{"start":{"line":12,"column":4},"end":{"line":19,"column":10}},"4":{"start":{"line":22,"column":0},"end":{"line":25,"column":2}}},"fnMap":{"0":{"name":"(anonymous_0)","decl":{"start":{"line":7,"column":18},"end":{"line":7,"column":19}},"loc":{"start":{"line":7,"column":44},"end":{"line":21,"column":1}},"line":7},"1":{"name":"(anonymous_1)","decl":{"start":{"line":11,"column":21},"end":{"line":11,"column":22}},"loc":{"start":{"line":12,"column":4},"end":{"line":19,"column":10}},"line":12}},"branchMap":{},"s":{"0":1,"1":0,"2":0,"3":0,"4":1},"f":{"0":0,"1":0},"b":{},"_coverageSchema":"43e27e138ebf9cfc5966b082cf9a028302ed4184","hash":"a799dca8011cf4daea7f88a77796e60e38542f30"}
,"/Users/migueldepelsmaeker/Pictures/Practical/Tasks/social-network-SgtBlade 2/src/js/comps/Comment.jsx": {"path":"/Users/migueldepelsmaeker/Pictures/Practical/Tasks/social-network-SgtBlade 2/src/js/comps/Comment.jsx","statementMap":{"0":{"start":{"line":8,"column":16},"end":{"line":28,"column":1}},"1":{"start":{"line":9,"column":27},"end":{"line":9,"column":51}},"2":{"start":{"line":11,"column":2},"end":{"line":14,"column":3}},"3":{"start":{"line":12,"column":4},"end":{"line":13,"column":41}},"4":{"start":{"line":12,"column":48},"end":{"line":12,"column":65}},"5":{"start":{"line":12,"column":91},"end":{"line":12,"column":121}},"6":{"start":{"line":13,"column":9},"end":{"line":13,"column":41}},"7":{"start":{"line":16,"column":2},"end":{"line":27,"column":5}},"8":{"start":{"line":17,"column":4},"end":{"line":26,"column":10}},"9":{"start":{"line":22,"column":35},"end":{"line":22,"column":65}},"10":{"start":{"line":23,"column":35},"end":{"line":23,"column":67}},"11":{"start":{"line":30,"column":0},"end":{"line":32,"column":2}}},"fnMap":{"0":{"name":"(anonymous_0)","decl":{"start":{"line":8,"column":16},"end":{"line":8,"column":17}},"loc":{"start":{"line":8,"column":35},"end":{"line":28,"column":1}},"line":8},"1":{"name":"(anonymous_1)","decl":{"start":{"line":12,"column":43},"end":{"line":12,"column":44}},"loc":{"start":{"line":12,"column":48},"end":{"line":12,"column":65}},"line":12},"2":{"name":"(anonymous_2)","decl":{"start":{"line":16,"column":21},"end":{"line":16,"column":22}},"loc":{"start":{"line":17,"column":4},"end":{"line":26,"column":10}},"line":17},"3":{"name":"(anonymous_3)","decl":{"start":{"line":22,"column":31},"end":{"line":22,"column":32}},"loc":{"start":{"line":22,"column":35},"end":{"line":22,"column":65}},"line":22},"4":{"name":"(anonymous_4)","decl":{"start":{"line":23,"column":31},"end":{"line":23,"column":32}},"loc":{"start":{"line":23,"column":35},"end":{"line":23,"column":67}},"line":23}},"branchMap":{"0":{"loc":{"start":{"line":11,"column":2},"end":{"line":14,"column":3}},"type":"if","locations":[{"start":{"line":11,"column":2},"end":{"line":14,"column":3}},{"start":{"line":11,"column":2},"end":{"line":14,"column":3}}],"line":11},"1":{"loc":{"start":{"line":11,"column":5},"end":{"line":11,"column":92}},"type":"binary-expr","locations":[{"start":{"line":11,"column":5},"end":{"line":11,"column":56}},{"start":{"line":11,"column":60},"end":{"line":11,"column":92}}],"line":11},"2":{"loc":{"start":{"line":12,"column":4},"end":{"line":13,"column":41}},"type":"if","locations":[{"start":{"line":12,"column":4},"end":{"line":13,"column":41}},{"start":{"line":12,"column":4},"end":{"line":13,"column":41}}],"line":12},"3":{"loc":{"start":{"line":22,"column":141},"end":{"line":22,"column":208}},"type":"cond-expr","locations":[{"start":{"line":22,"column":178},"end":{"line":22,"column":203}},{"start":{"line":22,"column":206},"end":{"line":22,"column":208}}],"line":22},"4":{"loc":{"start":{"line":23,"column":145},"end":{"line":23,"column":216}},"type":"cond-expr","locations":[{"start":{"line":23,"column":184},"end":{"line":23,"column":211}},{"start":{"line":23,"column":214},"end":{"line":23,"column":216}}],"line":23}},"s":{"0":1,"1":0,"2":0,"3":0,"4":0,"5":0,"6":0,"7":0,"8":0,"9":0,"10":0,"11":1},"f":{"0":0,"1":0,"2":0,"3":0,"4":0},"b":{"0":[0,0],"1":[0,0],"2":[0,0],"3":[0,0],"4":[0,0]},"_coverageSchema":"43e27e138ebf9cfc5966b082cf9a028302ed4184","hash":"7c9c98517dfb4e2ec9f6f10bdb5936b2f6da30ff"}
,"/Users/migueldepelsmaeker/Pictures/Practical/Tasks/social-network-SgtBlade 2/src/js/comps/Detail.jsx": {"path":"/Users/migueldepelsmaeker/Pictures/Practical/Tasks/social-network-SgtBlade 2/src/js/comps/Detail.jsx","statementMap":{"0":{"start":{"line":9,"column":15},"end":{"line":82,"column":1}},"1":{"start":{"line":11,"column":27},"end":{"line":11,"column":51}},"2":{"start":{"line":12,"column":17},"end":{"line":12,"column":28}},"3":{"start":{"line":13,"column":15},"end":{"line":13,"column":41}},"4":{"start":{"line":15,"column":19},"end":{"line":22,"column":3}},"5":{"start":{"line":16,"column":4},"end":{"line":21,"column":5}},"6":{"start":{"line":17,"column":6},"end":{"line":17,"column":24}},"7":{"start":{"line":19,"column":28},"end":{"line":19,"column":178}},"8":{"start":{"line":20,"column":6},"end":{"line":20,"column":29}},"9":{"start":{"line":24,"column":23},"end":{"line":34,"column":3}},"10":{"start":{"line":25,"column":13},"end":{"line":25,"column":27}},"11":{"start":{"line":26,"column":13},"end":{"line":26,"column":30}},"12":{"start":{"line":27,"column":15},"end":{"line":27,"column":33}},"13":{"start":{"line":28,"column":4},"end":{"line":28,"column":24}},"14":{"start":{"line":28,"column":14},"end":{"line":28,"column":24}},"15":{"start":{"line":29,"column":4},"end":{"line":29,"column":24}},"16":{"start":{"line":29,"column":14},"end":{"line":29,"column":24}},"17":{"start":{"line":31,"column":20},"end":{"line":31,"column":22}},"18":{"start":{"line":32,"column":4},"end":{"line":32,"column":104}},"19":{"start":{"line":33,"column":4},"end":{"line":33,"column":22}},"20":{"start":{"line":36,"column":2},"end":{"line":81,"column":5}},"21":{"start":{"line":38,"column":4},"end":{"line":80,"column":7}},"22":{"start":{"line":53,"column":12},"end":{"line":53,"column":136}},"23":{"start":{"line":61,"column":27},"end":{"line":61,"column":67}}},"fnMap":{"0":{"name":"(anonymous_0)","decl":{"start":{"line":9,"column":15},"end":{"line":9,"column":16}},"loc":{"start":{"line":9,"column":21},"end":{"line":82,"column":1}},"line":9},"1":{"name":"(anonymous_1)","decl":{"start":{"line":15,"column":19},"end":{"line":15,"column":20}},"loc":{"start":{"line":15,"column":69},"end":{"line":22,"column":3}},"line":15},"2":{"name":"(anonymous_2)","decl":{"start":{"line":24,"column":23},"end":{"line":24,"column":24}},"loc":{"start":{"line":24,"column":66},"end":{"line":34,"column":3}},"line":24},"3":{"name":"(anonymous_3)","decl":{"start":{"line":36,"column":21},"end":{"line":36,"column":22}},"loc":{"start":{"line":38,"column":4},"end":{"line":80,"column":7}},"line":38},"4":{"name":"(anonymous_4)","decl":{"start":{"line":52,"column":50},"end":{"line":52,"column":51}},"loc":{"start":{"line":53,"column":12},"end":{"line":53,"column":136}},"line":53},"5":{"name":"(anonymous_5)","decl":{"start":{"line":61,"column":20},"end":{"line":61,"column":21}},"loc":{"start":{"line":61,"column":26},"end":{"line":61,"column":68}},"line":61}},"branchMap":{"0":{"loc":{"start":{"line":16,"column":4},"end":{"line":21,"column":5}},"type":"if","locations":[{"start":{"line":16,"column":4},"end":{"line":21,"column":5}},{"start":{"line":16,"column":4},"end":{"line":21,"column":5}}],"line":16},"1":{"loc":{"start":{"line":19,"column":44},"end":{"line":19,"column":79}},"type":"cond-expr","locations":[{"start":{"line":19,"column":60},"end":{"line":19,"column":65}},{"start":{"line":19,"column":68},"end":{"line":19,"column":79}}],"line":19},"2":{"loc":{"start":{"line":19,"column":83},"end":{"line":19,"column":124}},"type":"cond-expr","locations":[{"start":{"line":19,"column":101},"end":{"line":19,"column":108}},{"start":{"line":19,"column":111},"end":{"line":19,"column":124}}],"line":19},"3":{"loc":{"start":{"line":19,"column":128},"end":{"line":19,"column":169}},"type":"cond-expr","locations":[{"start":{"line":19,"column":146},"end":{"line":19,"column":153}},{"start":{"line":19,"column":156},"end":{"line":19,"column":169}}],"line":19},"4":{"loc":{"start":{"line":24,"column":30},"end":{"line":24,"column":45}},"type":"default-arg","locations":[{"start":{"line":24,"column":42},"end":{"line":24,"column":45}}],"line":24},"5":{"loc":{"start":{"line":24,"column":47},"end":{"line":24,"column":61}},"type":"default-arg","locations":[{"start":{"line":24,"column":57},"end":{"line":24,"column":61}}],"line":24},"6":{"loc":{"start":{"line":28,"column":4},"end":{"line":28,"column":24}},"type":"if","locations":[{"start":{"line":28,"column":4},"end":{"line":28,"column":24}},{"start":{"line":28,"column":4},"end":{"line":28,"column":24}}],"line":28},"7":{"loc":{"start":{"line":29,"column":4},"end":{"line":29,"column":24}},"type":"if","locations":[{"start":{"line":29,"column":4},"end":{"line":29,"column":24}},{"start":{"line":29,"column":4},"end":{"line":29,"column":24}}],"line":29},"8":{"loc":{"start":{"line":32,"column":4},"end":{"line":32,"column":103}},"type":"cond-expr","locations":[{"start":{"line":32,"column":16},"end":{"line":32,"column":58}},{"start":{"line":32,"column":61},"end":{"line":32,"column":103}}],"line":32},"9":{"loc":{"start":{"line":41,"column":7},"end":{"line":77,"column":29}},"type":"cond-expr","locations":[{"start":{"line":42,"column":8},"end":{"line":76,"column":11}},{"start":{"line":77,"column":10},"end":{"line":77,"column":29}}],"line":41},"10":{"loc":{"start":{"line":43,"column":84},"end":{"line":43,"column":180}},"type":"cond-expr","locations":[{"start":{"line":43,"column":102},"end":{"line":43,"column":147}},{"start":{"line":43,"column":150},"end":{"line":43,"column":180}}],"line":43},"11":{"loc":{"start":{"line":47,"column":11},"end":{"line":59,"column":144}},"type":"cond-expr","locations":[{"start":{"line":48,"column":10},"end":{"line":58,"column":11}},{"start":{"line":59,"column":12},"end":{"line":59,"column":144}}],"line":47},"12":{"loc":{"start":{"line":66,"column":11},"end":{"line":66,"column":161}},"type":"cond-expr","locations":[{"start":{"line":66,"column":27},"end":{"line":66,"column":157}},{"start":{"line":66,"column":159},"end":{"line":66,"column":161}}],"line":66}},"s":{"0":1,"1":0,"2":0,"3":0,"4":0,"5":0,"6":0,"7":0,"8":0,"9":0,"10":0,"11":0,"12":0,"13":0,"14":0,"15":0,"16":0,"17":0,"18":0,"19":0,"20":0,"21":0,"22":0,"23":0},"f":{"0":0,"1":0,"2":0,"3":0,"4":0,"5":0},"b":{"0":[0,0],"1":[0,0],"2":[0,0],"3":[0,0],"4":[0],"5":[0],"6":[0,0],"7":[0,0],"8":[0,0],"9":[0,0],"10":[0,0],"11":[0,0],"12":[0,0]},"_coverageSchema":"43e27e138ebf9cfc5966b082cf9a028302ed4184","hash":"429d265d4ca5132565b14a32b44a007bd4060099"}
,"/Users/migueldepelsmaeker/Pictures/Practical/Tasks/social-network-SgtBlade 2/src/js/comps/Home.jsx": {"path":"/Users/migueldepelsmaeker/Pictures/Practical/Tasks/social-network-SgtBlade 2/src/js/comps/Home.jsx","statementMap":{"0":{"start":{"line":9,"column":13},"end":{"line":33,"column":1}},"1":{"start":{"line":11,"column":27},"end":{"line":11,"column":51}},"2":{"start":{"line":14,"column":16},"end":{"line":14,"column":28}},"3":{"start":{"line":15,"column":20},"end":{"line":15,"column":100}},"4":{"start":{"line":15,"column":31},"end":{"line":15,"column":100}},"5":{"start":{"line":15,"column":65},"end":{"line":15,"column":94}},"6":{"start":{"line":17,"column":18},"end":{"line":19,"column":3}},"7":{"start":{"line":18,"column":4},"end":{"line":18,"column":33}},"8":{"start":{"line":22,"column":2},"end":{"line":32,"column":5}},"9":{"start":{"line":23,"column":4},"end":{"line":31,"column":7}},"10":{"start":{"line":24,"column":29},"end":{"line":24,"column":39}},"11":{"start":{"line":27,"column":10},"end":{"line":27,"column":108}},"12":{"start":{"line":27,"column":44},"end":{"line":27,"column":60}}},"fnMap":{"0":{"name":"(anonymous_0)","decl":{"start":{"line":9,"column":13},"end":{"line":9,"column":14}},"loc":{"start":{"line":9,"column":19},"end":{"line":33,"column":1}},"line":9},"1":{"name":"(anonymous_1)","decl":{"start":{"line":15,"column":20},"end":{"line":15,"column":21}},"loc":{"start":{"line":15,"column":31},"end":{"line":15,"column":100}},"line":15},"2":{"name":"(anonymous_2)","decl":{"start":{"line":15,"column":59},"end":{"line":15,"column":60}},"loc":{"start":{"line":15,"column":65},"end":{"line":15,"column":94}},"line":15},"3":{"name":"(anonymous_3)","decl":{"start":{"line":17,"column":18},"end":{"line":17,"column":19}},"loc":{"start":{"line":17,"column":24},"end":{"line":19,"column":3}},"line":17},"4":{"name":"(anonymous_4)","decl":{"start":{"line":22,"column":22},"end":{"line":22,"column":23}},"loc":{"start":{"line":23,"column":4},"end":{"line":31,"column":7}},"line":23},"5":{"name":"(anonymous_5)","decl":{"start":{"line":24,"column":24},"end":{"line":24,"column":25}},"loc":{"start":{"line":24,"column":29},"end":{"line":24,"column":39}},"line":24},"6":{"name":"(anonymous_6)","decl":{"start":{"line":26,"column":29},"end":{"line":26,"column":30}},"loc":{"start":{"line":27,"column":10},"end":{"line":27,"column":108}},"line":27},"7":{"name":"(anonymous_7)","decl":{"start":{"line":27,"column":33},"end":{"line":27,"column":34}},"loc":{"start":{"line":27,"column":44},"end":{"line":27,"column":60}},"line":27}},"branchMap":{},"s":{"0":1,"1":0,"2":0,"3":0,"4":0,"5":0,"6":0,"7":0,"8":0,"9":0,"10":0,"11":0,"12":0},"f":{"0":0,"1":0,"2":0,"3":0,"4":0,"5":0,"6":0,"7":0},"b":{},"_coverageSchema":"43e27e138ebf9cfc5966b082cf9a028302ed4184","hash":"74746804dad5a7c6279ee215107aca0fb873fc1d"}
,"/Users/migueldepelsmaeker/Pictures/Practical/Tasks/social-network-SgtBlade 2/src/js/comps/NewBook.jsx": {"path":"/Users/migueldepelsmaeker/Pictures/Practical/Tasks/social-network-SgtBlade 2/src/js/comps/NewBook.jsx","statementMap":{"0":{"start":{"line":6,"column":16},"end":{"line":63,"column":1}},"1":{"start":{"line":8,"column":27},"end":{"line":8,"column":51}},"2":{"start":{"line":10,"column":23},"end":{"line":13,"column":3}},"3":{"start":{"line":11,"column":4},"end":{"line":11,"column":23}},"4":{"start":{"line":12,"column":4},"end":{"line":12,"column":24}},"5":{"start":{"line":15,"column":23},"end":{"line":25,"column":3}},"6":{"start":{"line":16,"column":13},"end":{"line":16,"column":27}},"7":{"start":{"line":17,"column":13},"end":{"line":17,"column":30}},"8":{"start":{"line":18,"column":15},"end":{"line":18,"column":33}},"9":{"start":{"line":19,"column":4},"end":{"line":19,"column":24}},"10":{"start":{"line":19,"column":14},"end":{"line":19,"column":24}},"11":{"start":{"line":20,"column":4},"end":{"line":20,"column":24}},"12":{"start":{"line":20,"column":14},"end":{"line":20,"column":24}},"13":{"start":{"line":22,"column":20},"end":{"line":22,"column":22}},"14":{"start":{"line":23,"column":4},"end":{"line":23,"column":104}},"15":{"start":{"line":24,"column":4},"end":{"line":24,"column":22}},"16":{"start":{"line":27,"column":2},"end":{"line":62,"column":5}},"17":{"start":{"line":28,"column":4},"end":{"line":61,"column":14}},"18":{"start":{"line":30,"column":27},"end":{"line":30,"column":42}},"19":{"start":{"line":35,"column":25},"end":{"line":35,"column":79}},"20":{"start":{"line":44,"column":25},"end":{"line":44,"column":81}},"21":{"start":{"line":54,"column":25},"end":{"line":54,"column":78}}},"fnMap":{"0":{"name":"(anonymous_0)","decl":{"start":{"line":6,"column":16},"end":{"line":6,"column":17}},"loc":{"start":{"line":6,"column":22},"end":{"line":63,"column":1}},"line":6},"1":{"name":"(anonymous_1)","decl":{"start":{"line":10,"column":23},"end":{"line":10,"column":24}},"loc":{"start":{"line":10,"column":30},"end":{"line":13,"column":3}},"line":10},"2":{"name":"(anonymous_2)","decl":{"start":{"line":15,"column":23},"end":{"line":15,"column":24}},"loc":{"start":{"line":15,"column":66},"end":{"line":25,"column":3}},"line":15},"3":{"name":"(anonymous_3)","decl":{"start":{"line":27,"column":21},"end":{"line":27,"column":22}},"loc":{"start":{"line":28,"column":4},"end":{"line":61,"column":14}},"line":28},"4":{"name":"(anonymous_4)","decl":{"start":{"line":30,"column":22},"end":{"line":30,"column":23}},"loc":{"start":{"line":30,"column":27},"end":{"line":30,"column":42}},"line":30},"5":{"name":"(anonymous_5)","decl":{"start":{"line":35,"column":20},"end":{"line":35,"column":21}},"loc":{"start":{"line":35,"column":25},"end":{"line":35,"column":79}},"line":35},"6":{"name":"(anonymous_6)","decl":{"start":{"line":44,"column":20},"end":{"line":44,"column":21}},"loc":{"start":{"line":44,"column":25},"end":{"line":44,"column":81}},"line":44},"7":{"name":"(anonymous_7)","decl":{"start":{"line":54,"column":20},"end":{"line":54,"column":21}},"loc":{"start":{"line":54,"column":25},"end":{"line":54,"column":78}},"line":54}},"branchMap":{"0":{"loc":{"start":{"line":15,"column":30},"end":{"line":15,"column":45}},"type":"default-arg","locations":[{"start":{"line":15,"column":42},"end":{"line":15,"column":45}}],"line":15},"1":{"loc":{"start":{"line":15,"column":47},"end":{"line":15,"column":61}},"type":"default-arg","locations":[{"start":{"line":15,"column":57},"end":{"line":15,"column":61}}],"line":15},"2":{"loc":{"start":{"line":19,"column":4},"end":{"line":19,"column":24}},"type":"if","locations":[{"start":{"line":19,"column":4},"end":{"line":19,"column":24}},{"start":{"line":19,"column":4},"end":{"line":19,"column":24}}],"line":19},"3":{"loc":{"start":{"line":20,"column":4},"end":{"line":20,"column":24}},"type":"if","locations":[{"start":{"line":20,"column":4},"end":{"line":20,"column":24}},{"start":{"line":20,"column":4},"end":{"line":20,"column":24}}],"line":20},"4":{"loc":{"start":{"line":23,"column":4},"end":{"line":23,"column":103}},"type":"cond-expr","locations":[{"start":{"line":23,"column":16},"end":{"line":23,"column":58}},{"start":{"line":23,"column":61},"end":{"line":23,"column":103}}],"line":23}},"s":{"0":1,"1":0,"2":0,"3":0,"4":0,"5":0,"6":0,"7":0,"8":0,"9":0,"10":0,"11":0,"12":0,"13":0,"14":0,"15":0,"16":0,"17":0,"18":0,"19":0,"20":0,"21":0},"f":{"0":0,"1":0,"2":0,"3":0,"4":0,"5":0,"6":0,"7":0},"b":{"0":[0],"1":[0],"2":[0,0],"3":[0,0],"4":[0,0]},"_coverageSchema":"43e27e138ebf9cfc5966b082cf9a028302ed4184","hash":"a17b5747f664c834b4613a1378a4a21f277912dd"}
,"/Users/migueldepelsmaeker/Pictures/Practical/Tasks/social-network-SgtBlade 2/src/js/comps/Returnbutton.jsx": {"path":"/Users/migueldepelsmaeker/Pictures/Practical/Tasks/social-network-SgtBlade 2/src/js/comps/Returnbutton.jsx","statementMap":{"0":{"start":{"line":6,"column":21},"end":{"line":14,"column":1}},"1":{"start":{"line":8,"column":20},"end":{"line":8,"column":44}},"2":{"start":{"line":9,"column":18},"end":{"line":9,"column":30}},"3":{"start":{"line":11,"column":2},"end":{"line":13,"column":4}},"4":{"start":{"line":12,"column":83},"end":{"line":12,"column":100}}},"fnMap":{"0":{"name":"(anonymous_0)","decl":{"start":{"line":6,"column":21},"end":{"line":6,"column":22}},"loc":{"start":{"line":6,"column":27},"end":{"line":14,"column":1}},"line":6},"1":{"name":"(anonymous_1)","decl":{"start":{"line":12,"column":75},"end":{"line":12,"column":76}},"loc":{"start":{"line":12,"column":81},"end":{"line":12,"column":102}},"line":12}},"branchMap":{},"s":{"0":1,"1":0,"2":0,"3":0,"4":0},"f":{"0":0,"1":0},"b":{},"_coverageSchema":"43e27e138ebf9cfc5966b082cf9a028302ed4184","hash":"8aa38f85193fa92b78e4dc52ea75b3fbd6c722f4"}
,"/Users/migueldepelsmaeker/Pictures/Practical/Tasks/social-network-SgtBlade 2/src/js/comps/SystemMessage.jsx": {"path":"/Users/migueldepelsmaeker/Pictures/Practical/Tasks/social-network-SgtBlade 2/src/js/comps/SystemMessage.jsx","statementMap":{"0":{"start":{"line":5,"column":22},"end":{"line":10,"column":1}},"1":{"start":{"line":7,"column":20},"end":{"line":7,"column":44}},"2":{"start":{"line":9,"column":2},"end":{"line":9,"column":176}}},"fnMap":{"0":{"name":"(anonymous_0)","decl":{"start":{"line":5,"column":22},"end":{"line":5,"column":23}},"loc":{"start":{"line":5,"column":61},"end":{"line":10,"column":1}},"line":5}},"branchMap":{"0":{"loc":{"start":{"line":9,"column":50},"end":{"line":9,"column":120}},"type":"cond-expr","locations":[{"start":{"line":9,"column":68},"end":{"line":9,"column":95}},{"start":{"line":9,"column":98},"end":{"line":9,"column":120}}],"line":9}},"s":{"0":1,"1":0,"2":0},"f":{"0":0},"b":{"0":[0,0]},"_coverageSchema":"43e27e138ebf9cfc5966b082cf9a028302ed4184","hash":"a789846303843a3cd93eb2fd0b507655ab58dd89"}
,"/Users/migueldepelsmaeker/Pictures/Practical/Tasks/social-network-SgtBlade 2/src/js/comps/ThemeHeader.jsx": {"path":"/Users/migueldepelsmaeker/Pictures/Practical/Tasks/social-network-SgtBlade 2/src/js/comps/ThemeHeader.jsx","statementMap":{"0":{"start":{"line":8,"column":20},"end":{"line":26,"column":1}},"1":{"start":{"line":10,"column":20},"end":{"line":10,"column":44}},"2":{"start":{"line":11,"column":26},"end":{"line":11,"column":48}},"3":{"start":{"line":13,"column":2},"end":{"line":25,"column":5}},"4":{"start":{"line":14,"column":8},"end":{"line":24,"column":14}},"5":{"start":{"line":19,"column":47},"end":{"line":19,"column":63}}},"fnMap":{"0":{"name":"(anonymous_0)","decl":{"start":{"line":8,"column":20},"end":{"line":8,"column":21}},"loc":{"start":{"line":8,"column":26},"end":{"line":26,"column":1}},"line":8},"1":{"name":"(anonymous_1)","decl":{"start":{"line":13,"column":22},"end":{"line":13,"column":23}},"loc":{"start":{"line":14,"column":8},"end":{"line":24,"column":14}},"line":14},"2":{"name":"(anonymous_2)","decl":{"start":{"line":19,"column":43},"end":{"line":19,"column":44}},"loc":{"start":{"line":19,"column":47},"end":{"line":19,"column":63}},"line":19}},"branchMap":{"0":{"loc":{"start":{"line":15,"column":13},"end":{"line":15,"column":159}},"type":"cond-expr","locations":[{"start":{"line":15,"column":42},"end":{"line":15,"column":44}},{"start":{"line":15,"column":47},"end":{"line":15,"column":159}}],"line":15}},"s":{"0":1,"1":0,"2":0,"3":0,"4":0,"5":0},"f":{"0":0,"1":0,"2":0},"b":{"0":[0,0]},"_coverageSchema":"43e27e138ebf9cfc5966b082cf9a028302ed4184","hash":"a5a01edf18d8a9340a06a11e42e38d88ccbd951b"}
,"/Users/migueldepelsmaeker/Pictures/Practical/Tasks/social-network-SgtBlade 2/src/js/consts/routes.js": {"path":"/Users/migueldepelsmaeker/Pictures/Practical/Tasks/social-network-SgtBlade 2/src/js/consts/routes.js","statementMap":{"0":{"start":{"line":1,"column":15},"end":{"line":6,"column":3}}},"fnMap":{},"branchMap":{},"s":{"0":1},"f":{},"b":{},"_coverageSchema":"43e27e138ebf9cfc5966b082cf9a028302ed4184","hash":"556eeacee95c801c75957001de9ad3992fe9d8b4"}
,"/Users/migueldepelsmaeker/Pictures/Practical/Tasks/social-network-SgtBlade 2/src/js/hooks/context.js": {"path":"/Users/migueldepelsmaeker/Pictures/Practical/Tasks/social-network-SgtBlade 2/src/js/hooks/context.js","statementMap":{"0":{"start":{"line":5,"column":14},"end":{"line":5,"column":25}},"1":{"start":{"line":6,"column":0},"end":{"line":6,"column":22}},"2":{"start":{"line":7,"column":16},"end":{"line":7,"column":29}},"3":{"start":{"line":9,"column":28},"end":{"line":9,"column":75}}},"fnMap":{},"branchMap":{},"s":{"0":1,"1":1,"2":1,"3":1},"f":{},"b":{},"_coverageSchema":"43e27e138ebf9cfc5966b082cf9a028302ed4184","hash":"3889d37d20daf29d274f95e037933a7c78186c91"}
,"/Users/migueldepelsmaeker/Pictures/Practical/Tasks/social-network-SgtBlade 2/src/js/hooks/useStore.js": {"path":"/Users/migueldepelsmaeker/Pictures/Practical/Tasks/social-network-SgtBlade 2/src/js/hooks/useStore.js","statementMap":{"0":{"start":{"line":4,"column":24},"end":{"line":4,"column":54}},"1":{"start":{"line":4,"column":30},"end":{"line":4,"column":54}}},"fnMap":{"0":{"name":"(anonymous_0)","decl":{"start":{"line":4,"column":24},"end":{"line":4,"column":25}},"loc":{"start":{"line":4,"column":30},"end":{"line":4,"column":54}},"line":4}},"branchMap":{},"s":{"0":0,"1":0},"f":{"0":0},"b":{},"hash":"8e7018068c494f3edd5fba48052bd10898326d86"}
,"/Users/migueldepelsmaeker/Pictures/Practical/Tasks/social-network-SgtBlade 2/src/js/modules/bookPost.js": {"path":"/Users/migueldepelsmaeker/Pictures/Practical/Tasks/social-network-SgtBlade 2/src/js/modules/bookPost.js","statementMap":{"0":{"start":{"line":5,"column":0},"end":{"line":5,"column":40}},"1":{"start":{"line":10,"column":4},"end":{"line":10,"column":76}},"2":{"start":{"line":11,"column":4},"end":{"line":11,"column":23}},"3":{"start":{"line":12,"column":4},"end":{"line":12,"column":37}},"4":{"start":{"line":13,"column":4},"end":{"line":13,"column":21}},"5":{"start":{"line":14,"column":4},"end":{"line":14,"column":23}},"6":{"start":{"line":15,"column":4},"end":{"line":15,"column":23}},"7":{"start":{"line":16,"column":4},"end":{"line":16,"column":41}},"8":{"start":{"line":20,"column":4},"end":{"line":20,"column":56}},"9":{"start":{"line":24,"column":17},"end":{"line":24,"column":40}},"10":{"start":{"line":25,"column":4},"end":{"line":25,"column":91}},"11":{"start":{"line":26,"column":4},"end":{"line":26,"column":106}},"12":{"start":{"line":27,"column":4},"end":{"line":27,"column":80}},"13":{"start":{"line":28,"column":4},"end":{"line":28,"column":74}},"14":{"start":{"line":31,"column":16},"end":{"line":40,"column":3}},"15":{"start":{"line":32,"column":4},"end":{"line":39,"column":7}},"16":{"start":{"line":34,"column":6},"end":{"line":35,"column":35}},"17":{"start":{"line":34,"column":29},"end":{"line":34,"column":70}},"18":{"start":{"line":35,"column":11},"end":{"line":35,"column":35}},"19":{"start":{"line":37,"column":6},"end":{"line":37,"column":25}},"20":{"start":{"line":38,"column":6},"end":{"line":38,"column":30}},"21":{"start":{"line":43,"column":4},"end":{"line":43,"column":25}},"22":{"start":{"line":45,"column":4},"end":{"line":46,"column":125}},"23":{"start":{"line":45,"column":35},"end":{"line":45,"column":59}},"24":{"start":{"line":46,"column":9},"end":{"line":46,"column":125}},"25":{"start":{"line":46,"column":81},"end":{"line":46,"column":125}},"26":{"start":{"line":48,"column":4},"end":{"line":49,"column":210}},"27":{"start":{"line":48,"column":61},"end":{"line":48,"column":87}},"28":{"start":{"line":49,"column":9},"end":{"line":49,"column":210}},"29":{"start":{"line":49,"column":147},"end":{"line":49,"column":210}},"30":{"start":{"line":53,"column":4},"end":{"line":53,"column":97}},"31":{"start":{"line":53,"column":28},"end":{"line":53,"column":97}},"32":{"start":{"line":57,"column":0},"end":{"line":72,"column":3}}},"fnMap":{"0":{"name":"(anonymous_0)","decl":{"start":{"line":9,"column":2},"end":{"line":9,"column":3}},"loc":{"start":{"line":9,"column":86},"end":{"line":17,"column":3}},"line":9},"1":{"name":"(anonymous_1)","decl":{"start":{"line":19,"column":2},"end":{"line":19,"column":3}},"loc":{"start":{"line":19,"column":13},"end":{"line":21,"column":3}},"line":19},"2":{"name":"(anonymous_2)","decl":{"start":{"line":23,"column":2},"end":{"line":23,"column":3}},"loc":{"start":{"line":23,"column":17},"end":{"line":29,"column":3}},"line":23},"3":{"name":"(anonymous_3)","decl":{"start":{"line":31,"column":16},"end":{"line":31,"column":17}},"loc":{"start":{"line":31,"column":32},"end":{"line":40,"column":3}},"line":31},"4":{"name":"(anonymous_4)","decl":{"start":{"line":33,"column":10},"end":{"line":33,"column":11}},"loc":{"start":{"line":33,"column":24},"end":{"line":36,"column":5}},"line":33},"5":{"name":"(anonymous_5)","decl":{"start":{"line":36,"column":7},"end":{"line":36,"column":8}},"loc":{"start":{"line":36,"column":18},"end":{"line":39,"column":5}},"line":36},"6":{"name":"(anonymous_6)","decl":{"start":{"line":42,"column":2},"end":{"line":42,"column":3}},"loc":{"start":{"line":42,"column":21},"end":{"line":50,"column":3}},"line":42},"7":{"name":"(anonymous_7)","decl":{"start":{"line":52,"column":2},"end":{"line":52,"column":3}},"loc":{"start":{"line":52,"column":32},"end":{"line":54,"column":3}},"line":52}},"branchMap":{"0":{"loc":{"start":{"line":9,"column":37},"end":{"line":9,"column":50}},"type":"default-arg","locations":[{"start":{"line":9,"column":45},"end":{"line":9,"column":50}}],"line":9},"1":{"loc":{"start":{"line":9,"column":52},"end":{"line":9,"column":67}},"type":"default-arg","locations":[{"start":{"line":9,"column":63},"end":{"line":9,"column":67}}],"line":9},"2":{"loc":{"start":{"line":10,"column":4},"end":{"line":10,"column":75}},"type":"cond-expr","locations":[{"start":{"line":10,"column":26},"end":{"line":10,"column":50}},{"start":{"line":10,"column":53},"end":{"line":10,"column":75}}],"line":10},"3":{"loc":{"start":{"line":20,"column":4},"end":{"line":20,"column":55}},"type":"cond-expr","locations":[{"start":{"line":20,"column":17},"end":{"line":20,"column":35}},{"start":{"line":20,"column":38},"end":{"line":20,"column":55}}],"line":20},"4":{"loc":{"start":{"line":34,"column":6},"end":{"line":35,"column":35}},"type":"if","locations":[{"start":{"line":34,"column":6},"end":{"line":35,"column":35}},{"start":{"line":34,"column":6},"end":{"line":35,"column":35}}],"line":34},"5":{"loc":{"start":{"line":45,"column":4},"end":{"line":46,"column":125}},"type":"if","locations":[{"start":{"line":45,"column":4},"end":{"line":46,"column":125}},{"start":{"line":45,"column":4},"end":{"line":46,"column":125}}],"line":45},"6":{"loc":{"start":{"line":45,"column":7},"end":{"line":45,"column":33}},"type":"binary-expr","locations":[{"start":{"line":45,"column":7},"end":{"line":45,"column":24}},{"start":{"line":45,"column":28},"end":{"line":45,"column":33}}],"line":45},"7":{"loc":{"start":{"line":46,"column":9},"end":{"line":46,"column":125}},"type":"if","locations":[{"start":{"line":46,"column":9},"end":{"line":46,"column":125}},{"start":{"line":46,"column":9},"end":{"line":46,"column":125}}],"line":46},"8":{"loc":{"start":{"line":46,"column":13},"end":{"line":46,"column":79}},"type":"binary-expr","locations":[{"start":{"line":46,"column":14},"end":{"line":46,"column":31}},{"start":{"line":46,"column":35},"end":{"line":46,"column":39}},{"start":{"line":46,"column":45},"end":{"line":46,"column":49}},{"start":{"line":46,"column":53},"end":{"line":46,"column":78}}],"line":46},"9":{"loc":{"start":{"line":48,"column":4},"end":{"line":49,"column":210}},"type":"if","locations":[{"start":{"line":48,"column":4},"end":{"line":49,"column":210}},{"start":{"line":48,"column":4},"end":{"line":49,"column":210}}],"line":48},"10":{"loc":{"start":{"line":48,"column":8},"end":{"line":48,"column":59}},"type":"binary-expr","locations":[{"start":{"line":48,"column":8},"end":{"line":48,"column":50}},{"start":{"line":48,"column":54},"end":{"line":48,"column":59}}],"line":48},"11":{"loc":{"start":{"line":49,"column":9},"end":{"line":49,"column":210}},"type":"if","locations":[{"start":{"line":49,"column":9},"end":{"line":49,"column":210}},{"start":{"line":49,"column":9},"end":{"line":49,"column":210}}],"line":49},"12":{"loc":{"start":{"line":49,"column":13},"end":{"line":49,"column":145}},"type":"binary-expr","locations":[{"start":{"line":49,"column":14},"end":{"line":49,"column":56}},{"start":{"line":49,"column":60},"end":{"line":49,"column":64}},{"start":{"line":49,"column":71},"end":{"line":49,"column":136}},{"start":{"line":49,"column":140},"end":{"line":49,"column":144}}],"line":49},"13":{"loc":{"start":{"line":53,"column":4},"end":{"line":53,"column":97}},"type":"if","locations":[{"start":{"line":53,"column":4},"end":{"line":53,"column":97}},{"start":{"line":53,"column":4},"end":{"line":53,"column":97}}],"line":53}},"s":{"0":5,"1":26,"2":26,"3":26,"4":26,"5":26,"6":26,"7":26,"8":1,"9":6,"10":6,"11":6,"12":6,"13":6,"14":26,"15":26,"16":0,"17":0,"18":0,"19":0,"20":0,"21":0,"22":0,"23":0,"24":0,"25":0,"26":0,"27":0,"28":0,"29":0,"30":0,"31":0,"32":5},"f":{"0":26,"1":1,"2":6,"3":26,"4":0,"5":0,"6":0,"7":0},"b":{"0":[12],"1":[26],"2":[0,26],"3":[0,1],"4":[0,0],"5":[0,0],"6":[0,0],"7":[0,0],"8":[0,0,0,0],"9":[0,0],"10":[0,0],"11":[0,0],"12":[0,0,0,0],"13":[0,0]},"_coverageSchema":"43e27e138ebf9cfc5966b082cf9a028302ed4184","hash":"b0a4bc7c3019fc7a38cd78c676bf5cdf8a8ce7ea"}
,"/Users/migueldepelsmaeker/Pictures/Practical/Tasks/social-network-SgtBlade 2/src/js/modules/comment.js": {"path":"/Users/migueldepelsmaeker/Pictures/Practical/Tasks/social-network-SgtBlade 2/src/js/modules/comment.js","statementMap":{"0":{"start":{"line":2,"column":0},"end":{"line":2,"column":40}},"1":{"start":{"line":5,"column":4},"end":{"line":5,"column":21}},"2":{"start":{"line":6,"column":4},"end":{"line":6,"column":27}},"3":{"start":{"line":7,"column":4},"end":{"line":7,"column":21}},"4":{"start":{"line":8,"column":4},"end":{"line":8,"column":23}},"5":{"start":{"line":9,"column":4},"end":{"line":9,"column":27}},"6":{"start":{"line":10,"column":4},"end":{"line":10,"column":28}},"7":{"start":{"line":14,"column":4},"end":{"line":15,"column":52}},"8":{"start":{"line":14,"column":33},"end":{"line":14,"column":51}},"9":{"start":{"line":15,"column":9},"end":{"line":15,"column":52}},"10":{"start":{"line":15,"column":36},"end":{"line":15,"column":52}},"11":{"start":{"line":19,"column":4},"end":{"line":23,"column":5}},"12":{"start":{"line":20,"column":6},"end":{"line":20,"column":71}},"13":{"start":{"line":20,"column":41},"end":{"line":20,"column":71}},"14":{"start":{"line":21,"column":6},"end":{"line":21,"column":37}},"15":{"start":{"line":22,"column":6},"end":{"line":22,"column":22}},"16":{"start":{"line":24,"column":4},"end":{"line":24,"column":30}},"17":{"start":{"line":28,"column":4},"end":{"line":32,"column":5}},"18":{"start":{"line":29,"column":6},"end":{"line":29,"column":67}},"19":{"start":{"line":29,"column":39},"end":{"line":29,"column":67}},"20":{"start":{"line":30,"column":6},"end":{"line":30,"column":39}},"21":{"start":{"line":31,"column":6},"end":{"line":31,"column":24}},"22":{"start":{"line":33,"column":4},"end":{"line":33,"column":30}},"23":{"start":{"line":37,"column":4},"end":{"line":37,"column":26}},"24":{"start":{"line":41,"column":4},"end":{"line":41,"column":27}},"25":{"start":{"line":46,"column":14},"end":{"line":51,"column":1}},"26":{"start":{"line":53,"column":0},"end":{"line":62,"column":3}}},"fnMap":{"0":{"name":"(anonymous_0)","decl":{"start":{"line":4,"column":2},"end":{"line":4,"column":3}},"loc":{"start":{"line":4,"column":31},"end":{"line":11,"column":3}},"line":4},"1":{"name":"(anonymous_1)","decl":{"start":{"line":13,"column":2},"end":{"line":13,"column":3}},"loc":{"start":{"line":13,"column":17},"end":{"line":16,"column":3}},"line":13},"2":{"name":"(anonymous_2)","decl":{"start":{"line":18,"column":2},"end":{"line":18,"column":3}},"loc":{"start":{"line":18,"column":15},"end":{"line":25,"column":3}},"line":18},"3":{"name":"(anonymous_3)","decl":{"start":{"line":27,"column":2},"end":{"line":27,"column":3}},"loc":{"start":{"line":27,"column":17},"end":{"line":34,"column":3}},"line":27},"4":{"name":"(anonymous_4)","decl":{"start":{"line":36,"column":2},"end":{"line":36,"column":3}},"loc":{"start":{"line":36,"column":24},"end":{"line":38,"column":3}},"line":36},"5":{"name":"(anonymous_5)","decl":{"start":{"line":40,"column":2},"end":{"line":40,"column":3}},"loc":{"start":{"line":40,"column":23},"end":{"line":42,"column":3}},"line":40}},"branchMap":{"0":{"loc":{"start":{"line":14,"column":4},"end":{"line":15,"column":52}},"type":"if","locations":[{"start":{"line":14,"column":4},"end":{"line":15,"column":52}},{"start":{"line":14,"column":4},"end":{"line":15,"column":52}}],"line":14},"1":{"loc":{"start":{"line":15,"column":9},"end":{"line":15,"column":52}},"type":"if","locations":[{"start":{"line":15,"column":9},"end":{"line":15,"column":52}},{"start":{"line":15,"column":9},"end":{"line":15,"column":52}}],"line":15},"2":{"loc":{"start":{"line":19,"column":4},"end":{"line":23,"column":5}},"type":"if","locations":[{"start":{"line":19,"column":4},"end":{"line":23,"column":5}},{"start":{"line":19,"column":4},"end":{"line":23,"column":5}}],"line":19},"3":{"loc":{"start":{"line":20,"column":6},"end":{"line":20,"column":71}},"type":"if","locations":[{"start":{"line":20,"column":6},"end":{"line":20,"column":71}},{"start":{"line":20,"column":6},"end":{"line":20,"column":71}}],"line":20},"4":{"loc":{"start":{"line":28,"column":4},"end":{"line":32,"column":5}},"type":"if","locations":[{"start":{"line":28,"column":4},"end":{"line":32,"column":5}},{"start":{"line":28,"column":4},"end":{"line":32,"column":5}}],"line":28},"5":{"loc":{"start":{"line":29,"column":6},"end":{"line":29,"column":67}},"type":"if","locations":[{"start":{"line":29,"column":6},"end":{"line":29,"column":67}},{"start":{"line":29,"column":6},"end":{"line":29,"column":67}}],"line":29}},"s":{"0":5,"1":29,"2":29,"3":29,"4":29,"5":29,"6":29,"7":1,"8":1,"9":0,"10":0,"11":3,"12":3,"13":1,"14":3,"15":3,"16":3,"17":2,"18":2,"19":0,"20":2,"21":2,"22":2,"23":5,"24":5,"25":5,"26":5},"f":{"0":29,"1":1,"2":3,"3":2,"4":5,"5":5},"b":{"0":[1,0],"1":[0,0],"2":[3,0],"3":[1,2],"4":[2,0],"5":[0,2]},"_coverageSchema":"43e27e138ebf9cfc5966b082cf9a028302ed4184","hash":"6a1c43942f850bc4f0f5523b7073a197fb9e0f67"}
,"/Users/migueldepelsmaeker/Pictures/Practical/Tasks/social-network-SgtBlade 2/src/js/modules/user.js": {"path":"/Users/migueldepelsmaeker/Pictures/Practical/Tasks/social-network-SgtBlade 2/src/js/modules/user.js","statementMap":{"0":{"start":{"line":6,"column":4},"end":{"line":6,"column":21}},"1":{"start":{"line":7,"column":4},"end":{"line":7,"column":17}},"2":{"start":{"line":8,"column":4},"end":{"line":8,"column":33}},"3":{"start":{"line":12,"column":4},"end":{"line":12,"column":126}},"4":{"start":{"line":12,"column":50},"end":{"line":12,"column":126}},"5":{"start":{"line":12,"column":112},"end":{"line":12,"column":125}},"6":{"start":{"line":13,"column":4},"end":{"line":13,"column":42}},"7":{"start":{"line":17,"column":0},"end":{"line":18,"column":3}}},"fnMap":{"0":{"name":"(anonymous_0)","decl":{"start":{"line":5,"column":2},"end":{"line":5,"column":3}},"loc":{"start":{"line":5,"column":26},"end":{"line":9,"column":3}},"line":5},"1":{"name":"(anonymous_1)","decl":{"start":{"line":11,"column":2},"end":{"line":11,"column":3}},"loc":{"start":{"line":11,"column":23},"end":{"line":14,"column":3}},"line":11},"2":{"name":"(anonymous_2)","decl":{"start":{"line":12,"column":107},"end":{"line":12,"column":108}},"loc":{"start":{"line":12,"column":112},"end":{"line":12,"column":125}},"line":12}},"branchMap":{"0":{"loc":{"start":{"line":12,"column":4},"end":{"line":12,"column":126}},"type":"if","locations":[{"start":{"line":12,"column":4},"end":{"line":12,"column":126}},{"start":{"line":12,"column":4},"end":{"line":12,"column":126}}],"line":12}},"s":{"0":28,"1":28,"2":28,"3":4,"4":1,"5":1,"6":4,"7":6},"f":{"0":28,"1":4,"2":1},"b":{"0":[1,3]},"_coverageSchema":"43e27e138ebf9cfc5966b082cf9a028302ed4184","hash":"e2e0be5b8fc1e79d1db474f81731919dc0e8c33f"}
,"/Users/migueldepelsmaeker/Pictures/Practical/Tasks/social-network-SgtBlade 2/src/js/stores/Store.js": {"path":"/Users/migueldepelsmaeker/Pictures/Practical/Tasks/social-network-SgtBlade 2/src/js/stores/Store.js","statementMap":{"0":{"start":{"line":4,"column":0},"end":{"line":4,"column":40}},"1":{"start":{"line":9,"column":4},"end":{"line":9,"column":24}},"2":{"start":{"line":10,"column":4},"end":{"line":14,"column":5}},"3":{"start":{"line":15,"column":4},"end":{"line":15,"column":25}},"4":{"start":{"line":16,"column":4},"end":{"line":16,"column":21}},"5":{"start":{"line":20,"column":4},"end":{"line":35,"column":5}},"6":{"start":{"line":22,"column":20},"end":{"line":22,"column":96}},"7":{"start":{"line":22,"column":54},"end":{"line":22,"column":95}},"8":{"start":{"line":23,"column":26},"end":{"line":28,"column":8}},"9":{"start":{"line":30,"column":24},"end":{"line":30,"column":28}},"10":{"start":{"line":31,"column":6},"end":{"line":32,"column":30}},"11":{"start":{"line":31,"column":30},"end":{"line":31,"column":63}},"12":{"start":{"line":32,"column":11},"end":{"line":32,"column":30}},"13":{"start":{"line":33,"column":6},"end":{"line":33,"column":91}},"14":{"start":{"line":34,"column":6},"end":{"line":34,"column":25}},"15":{"start":{"line":39,"column":4},"end":{"line":39,"column":61}},"16":{"start":{"line":39,"column":45},"end":{"line":39,"column":59}},"17":{"start":{"line":43,"column":4},"end":{"line":50,"column":6}},"18":{"start":{"line":51,"column":4},"end":{"line":51,"column":37}},"19":{"start":{"line":52,"column":4},"end":{"line":60,"column":6}},"20":{"start":{"line":61,"column":4},"end":{"line":68,"column":6}},"21":{"start":{"line":73,"column":4},"end":{"line":73,"column":102}},"22":{"start":{"line":73,"column":47},"end":{"line":73,"column":102}},"23":{"start":{"line":77,"column":4},"end":{"line":77,"column":57}},"24":{"start":{"line":77,"column":25},"end":{"line":77,"column":57}},"25":{"start":{"line":78,"column":4},"end":{"line":78,"column":38}},"26":{"start":{"line":82,"column":4},"end":{"line":82,"column":36}},"27":{"start":{"line":86,"column":4},"end":{"line":86,"column":35}},"28":{"start":{"line":90,"column":4},"end":{"line":90,"column":38}},"29":{"start":{"line":94,"column":4},"end":{"line":94,"column":27}},"30":{"start":{"line":95,"column":19},"end":{"line":95,"column":34}},"31":{"start":{"line":96,"column":4},"end":{"line":96,"column":25}},"32":{"start":{"line":97,"column":4},"end":{"line":97,"column":18}},"33":{"start":{"line":101,"column":4},"end":{"line":101,"column":78}},"34":{"start":{"line":101,"column":43},"end":{"line":101,"column":76}},"35":{"start":{"line":105,"column":0},"end":{"line":117,"column":3}}},"fnMap":{"0":{"name":"(anonymous_0)","decl":{"start":{"line":8,"column":2},"end":{"line":8,"column":3}},"loc":{"start":{"line":8,"column":97},"end":{"line":17,"column":3}},"line":8},"1":{"name":"(anonymous_1)","decl":{"start":{"line":19,"column":2},"end":{"line":19,"column":3}},"loc":{"start":{"line":19,"column":16},"end":{"line":36,"column":3}},"line":19},"2":{"name":"(anonymous_2)","decl":{"start":{"line":22,"column":42},"end":{"line":22,"column":43}},"loc":{"start":{"line":22,"column":54},"end":{"line":22,"column":95}},"line":22},"3":{"name":"(anonymous_3)","decl":{"start":{"line":38,"column":2},"end":{"line":38,"column":3}},"loc":{"start":{"line":38,"column":14},"end":{"line":40,"column":3}},"line":38},"4":{"name":"(anonymous_4)","decl":{"start":{"line":39,"column":33},"end":{"line":39,"column":34}},"loc":{"start":{"line":39,"column":45},"end":{"line":39,"column":59}},"line":39},"5":{"name":"(anonymous_5)","decl":{"start":{"line":42,"column":2},"end":{"line":42,"column":3}},"loc":{"start":{"line":42,"column":18},"end":{"line":70,"column":3}},"line":42},"6":{"name":"(anonymous_6)","decl":{"start":{"line":72,"column":2},"end":{"line":72,"column":3}},"loc":{"start":{"line":72,"column":23},"end":{"line":74,"column":3}},"line":72},"7":{"name":"(anonymous_7)","decl":{"start":{"line":76,"column":2},"end":{"line":76,"column":3}},"loc":{"start":{"line":76,"column":33},"end":{"line":79,"column":3}},"line":76},"8":{"name":"(anonymous_8)","decl":{"start":{"line":81,"column":2},"end":{"line":81,"column":3}},"loc":{"start":{"line":81,"column":19},"end":{"line":83,"column":3}},"line":81},"9":{"name":"(anonymous_9)","decl":{"start":{"line":85,"column":2},"end":{"line":85,"column":3}},"loc":{"start":{"line":85,"column":18},"end":{"line":87,"column":3}},"line":85},"10":{"name":"(anonymous_10)","decl":{"start":{"line":89,"column":2},"end":{"line":89,"column":3}},"loc":{"start":{"line":89,"column":21},"end":{"line":91,"column":3}},"line":89},"11":{"name":"(anonymous_11)","decl":{"start":{"line":93,"column":2},"end":{"line":93,"column":3}},"loc":{"start":{"line":93,"column":25},"end":{"line":98,"column":3}},"line":93},"12":{"name":"(anonymous_12)","decl":{"start":{"line":100,"column":2},"end":{"line":100,"column":3}},"loc":{"start":{"line":100,"column":20},"end":{"line":102,"column":3}},"line":100},"13":{"name":"(anonymous_13)","decl":{"start":{"line":101,"column":31},"end":{"line":101,"column":32}},"loc":{"start":{"line":101,"column":43},"end":{"line":101,"column":76}},"line":101}},"branchMap":{"0":{"loc":{"start":{"line":8,"column":14},"end":{"line":8,"column":95}},"type":"default-arg","locations":[{"start":{"line":8,"column":22},"end":{"line":8,"column":94}}],"line":8},"1":{"loc":{"start":{"line":20,"column":4},"end":{"line":35,"column":5}},"type":"if","locations":[{"start":{"line":20,"column":4},"end":{"line":35,"column":5}},{"start":{"line":20,"column":4},"end":{"line":35,"column":5}}],"line":20},"2":{"loc":{"start":{"line":31,"column":6},"end":{"line":32,"column":30}},"type":"if","locations":[{"start":{"line":31,"column":6},"end":{"line":32,"column":30}},{"start":{"line":31,"column":6},"end":{"line":32,"column":30}}],"line":31},"3":{"loc":{"start":{"line":73,"column":4},"end":{"line":73,"column":102}},"type":"if","locations":[{"start":{"line":73,"column":4},"end":{"line":73,"column":102}},{"start":{"line":73,"column":4},"end":{"line":73,"column":102}}],"line":73},"4":{"loc":{"start":{"line":77,"column":4},"end":{"line":77,"column":57}},"type":"if","locations":[{"start":{"line":77,"column":4},"end":{"line":77,"column":57}},{"start":{"line":77,"column":4},"end":{"line":77,"column":57}}],"line":77}},"s":{"0":4,"1":8,"2":8,"3":8,"4":8,"5":2,"6":2,"7":3,"8":2,"9":2,"10":2,"11":2,"12":0,"13":2,"14":2,"15":1,"16":3,"17":6,"18":6,"19":6,"20":6,"21":2,"22":1,"23":6,"24":2,"25":6,"26":0,"27":0,"28":0,"29":1,"30":1,"31":1,"32":1,"33":1,"34":4,"35":4},"f":{"0":8,"1":2,"2":3,"3":1,"4":3,"5":6,"6":2,"7":6,"8":0,"9":0,"10":0,"11":1,"12":1,"13":4},"b":{"0":[7],"1":[2,0],"2":[2,0],"3":[1,1],"4":[2,4]},"_coverageSchema":"43e27e138ebf9cfc5966b082cf9a028302ed4184","hash":"82a05673d0dfdb46b41185f3fee60d1bbc214c95"}
,"/Users/migueldepelsmaeker/Pictures/Practical/Tasks/social-network-SgtBlade 2/src/js/stores/UIStore.js": {"path":"/Users/migueldepelsmaeker/Pictures/Practical/Tasks/social-network-SgtBlade 2/src/js/stores/UIStore.js","statementMap":{"0":{"start":{"line":2,"column":0},"end":{"line":2,"column":40}},"1":{"start":{"line":8,"column":4},"end":{"line":8,"column":29}},"2":{"start":{"line":12,"column":4},"end":{"line":12,"column":93}},"3":{"start":{"line":16,"column":4},"end":{"line":23,"column":5}},"4":{"start":{"line":18,"column":8},"end":{"line":18,"column":18}},"5":{"start":{"line":20,"column":8},"end":{"line":20,"column":27}},"6":{"start":{"line":22,"column":8},"end":{"line":22,"column":18}},"7":{"start":{"line":28,"column":15},"end":{"line":31,"column":1}},"8":{"start":{"line":33,"column":0},"end":{"line":37,"column":2}}},"fnMap":{"0":{"name":"(anonymous_0)","decl":{"start":{"line":7,"column":2},"end":{"line":7,"column":3}},"loc":{"start":{"line":7,"column":16},"end":{"line":9,"column":3}},"line":7},"1":{"name":"(anonymous_1)","decl":{"start":{"line":11,"column":2},"end":{"line":11,"column":3}},"loc":{"start":{"line":11,"column":11},"end":{"line":13,"column":3}},"line":11},"2":{"name":"(anonymous_2)","decl":{"start":{"line":15,"column":2},"end":{"line":15,"column":3}},"loc":{"start":{"line":15,"column":19},"end":{"line":24,"column":3}},"line":15}},"branchMap":{"0":{"loc":{"start":{"line":12,"column":4},"end":{"line":12,"column":92}},"type":"cond-expr","locations":[{"start":{"line":12,"column":37},"end":{"line":12,"column":61}},{"start":{"line":12,"column":66},"end":{"line":12,"column":91}}],"line":12},"1":{"loc":{"start":{"line":16,"column":4},"end":{"line":23,"column":5}},"type":"switch","locations":[{"start":{"line":17,"column":6},"end":{"line":18,"column":18}},{"start":{"line":19,"column":6},"end":{"line":20,"column":27}},{"start":{"line":21,"column":6},"end":{"line":22,"column":18}}],"line":16}},"s":{"0":2,"1":4,"2":2,"3":1,"4":0,"5":1,"6":0,"7":2,"8":2},"f":{"0":4,"1":2,"2":1},"b":{"0":[0,2],"1":[0,1,0]},"_coverageSchema":"43e27e138ebf9cfc5966b082cf9a028302ed4184","hash":"1657bac7b3d8c4b18fc7bfd5e932950543f28df7"}
}
